<?xml version='1.0' encoding='UTF-8'?>
<hotspot_log version='160 1' process='1' time_ms='1593010667312'>
<vm_version>
<name>
OpenJDK 64-Bit Server VM
</name>
<release>
25.242-b08
</release>
<info>
OpenJDK 64-Bit Server VM (25.242-b08) for linux-amd64 JRE (1.8.0_242-b08), built on Jan 16 2020 01:43:43 by &quot;mockbuild&quot; with gcc 8.3.1 20190507 (Red Hat 8.3.1-4)
</info>
</vm_version>
<vm_arguments>
<args>
-Dinstall4j.jvmDir=/usr/lib/jvm/java-1.8.0 -Dexe4j.moduleName=/opt/sonatype/nexus/bin/nexus -XX:+UnlockDiagnosticVMOptions -Dinstall4j.launcherId=245 -Dinstall4j.swt=false -Di4jv=0 -Di4jv=0 -Di4jv=0 -Di4jv=0 -Di4jv=0 -Xms1200m -Xmx1200m -XX:MaxDirectMemorySize=2g -Djava.util.prefs.userRoot=/nexus-data/javaprefs -XX:+UnlockDiagnosticVMOptions -XX:+LogVMOutput -XX:LogFile=../sonatype-work/nexus3/log/jvm.log -XX:-OmitStackTraceInFastThrow -Djava.net.preferIPv4Stack=true -Dkaraf.home=. -Dkaraf.base=. -Dkaraf.etc=etc/karaf -Djava.util.logging.config.file=etc/karaf/java.util.logging.properties -Dkaraf.data=../sonatype-work/nexus3 -Dkaraf.log=../sonatype-work/nexus3/log -Djava.io.tmpdir=../sonatype-work/nexus3/tmp -Dkaraf.startLocalConsole=false -Djava.endorsed.dirs=lib/endorsed -Di4j.vpt=true 
</args>
<command>
com.install4j.runtime.launcher.UnixLauncher run 9d17dc87 0 0 org.sonatype.nexus.karaf.NexusMain
</command>
<launcher>
SUN_STANDARD
</launcher>
<properties>
java.vm.specification.name=Java Virtual Machine Specification
java.vm.version=25.242-b08
java.vm.name=OpenJDK 64-Bit Server VM
java.vm.info=mixed mode, sharing
java.ext.dirs=/usr/lib/jvm/java-1.8.0-openjdk-1.8.0.242.b08-0.el8_1.x86_64/jre/lib/ext:/usr/java/packages/lib/ext
java.endorsed.dirs=lib/endorsed
sun.boot.library.path=/usr/lib/jvm/java-1.8.0-openjdk-1.8.0.242.b08-0.el8_1.x86_64/jre/lib/amd64
java.library.path=/opt/sonatype/nexus/lib::/usr/java/packages/lib/amd64:/usr/lib64:/lib64:/lib:/usr/lib
java.home=/usr/lib/jvm/java-1.8.0-openjdk-1.8.0.242.b08-0.el8_1.x86_64/jre
java.class.path=/opt/sonatype/nexus/.install4j/i4jruntime.jar:/opt/sonatype/nexus/lib/boot/nexus-main.jar:/opt/sonatype/nexus/lib/boot/activation-1.1.1.jar:/opt/sonatype/nexus/lib/boot/jaxb-api-2.2.7.jar:/opt/sonatype/nexus/lib/boot/jaxb-core-2.2.7.jar:/opt/sonatype/nexus/lib/boot/jaxb-impl-2.2.7.jar:/opt/sonatype/nexus/lib/boot/org.apache.karaf.main-4.2.6.jar:/opt/sonatype/nexus/lib/boot/org.osgi.core-6.0.0.jar:/opt/sonatype/nexus/lib/boot/org.apache.karaf.specs.activator-4.2.6.jar:/opt/sonatype/nexus/lib/boot/org.apache.karaf.diagnostic.boot-4.2.6.jar:/opt/sonatype/nexus/lib/boot/org.apache.karaf.jaas.boot-4.2.6.jar
sun.boot.class.path=lib/endorsed/org.apache.karaf.specs.java.xml-4.2.6.jar:lib/endorsed/org.apache.karaf.specs.locator-4.2.6.jar:/usr/lib/jvm/java-1.8.0-openjdk-1.8.0.242.b08-0.el8_1.x86_64/jre/lib/resources.jar:/usr/lib/jvm/java-1.8.0-openjdk-1.8.0.242.b08-0.el8_1.x86_64/jre/lib/rt.jar:/usr/lib/jvm/java-1.8.0-openjdk-1.8.0.242.b08-0.el8_1.x86_64/jre/lib/sunrsasign.jar:/usr/lib/jvm/java-1.8.0-openjdk-1.8.0.242.b08-0.el8_1.x86_64/jre/lib/jsse.jar:/usr/lib/jvm/java-1.8.0-openjdk-1.8.0.242.b08-0.el8_1.x86_64/jre/lib/jce.jar:/usr/lib/jvm/java-1.8.0-openjdk-1.8.0.242.b08-0.el8_1.x86_64/jre/lib/charsets.jar:/usr/lib/jvm/java-1.8.0-openjdk-1.8.0.242.b08-0.el8_1.x86_64/jre/lib/jfr.jar:/usr/lib/jvm/java-1.8.0-openjdk-1.8.0.242.b08-0.el8_1.x86_64/jre/classes
java.vm.specification.vendor=Oracle Corporation
java.vm.specification.version=1.8
java.vm.vendor=Oracle Corporation
install4j.jvmDir=/usr/lib/jvm/java-1.8.0
exe4j.moduleName=/opt/sonatype/nexus/bin/nexus
install4j.launcherId=245
install4j.swt=false
i4jv=0
java.util.prefs.userRoot=/nexus-data/javaprefs
java.net.preferIPv4Stack=true
karaf.home=.
karaf.base=.
karaf.etc=etc/karaf
java.util.logging.config.file=etc/karaf/java.util.logging.properties
karaf.data=../sonatype-work/nexus3
karaf.log=../sonatype-work/nexus3/log
java.io.tmpdir=../sonatype-work/nexus3/tmp
karaf.startLocalConsole=false
i4j.vpt=true
sun.java.command=com.install4j.runtime.launcher.UnixLauncher run 9d17dc87 0 0 org.sonatype.nexus.karaf.NexusMain
sun.java.launcher=SUN_STANDARD
</properties>
</vm_arguments>
<tty>
<blob name='MethodHandlesAdapterBlob' size='32000'>
<sect index='1' size='32000' free='31632'/>
</blob>
<writer thread='140012912948992'/>
<dependency_failed type='leaf_type' ctxk='java/lang/ThreadLocal' witness='java/lang/InheritableThreadLocal' stamp='0.530'/>
<dependency_failed type='leaf_type' ctxk='java/util/jar/JarFile' witness='sun/net/www/protocol/jar/URLJarFile' stamp='0.729'/>
<dependency_failed type='leaf_type' ctxk='java/util/jar/JarFile' witness='sun/net/www/protocol/jar/URLJarFile' stamp='0.729'/>
<dependency_failed type='leaf_type' ctxk='java/util/HashSet' witness='java/util/LinkedHashSet' stamp='0.935'/>
<dependency_failed type='leaf_type' ctxk='org/apache/felix/framework/wiring/BundleCapabilityImpl' witness='org/apache/felix/framework/ServiceRegistrationImpl$ServiceReferenceImpl' stamp='1.014'/>
<dependency_failed type='leaf_type' ctxk='org/apache/felix/framework/wiring/BundleCapabilityImpl' witness='org/apache/felix/framework/ServiceRegistrationImpl$ServiceReferenceImpl' stamp='1.014'/>
<dependency_failed type='unique_concrete_method' ctxk='java/net/URLStreamHandler' x='java/net/URLStreamHandler equals (Ljava/net/URL;Ljava/net/URL;)Z' witness='org/apache/felix/framework/URLHandlersStreamHandlerProxy' stamp='1.022'/>
<dependency_failed type='unique_concrete_method' ctxk='java/net/URLStreamHandler' x='java/net/URLStreamHandler equals (Ljava/net/URL;Ljava/net/URL;)Z' witness='org/apache/felix/framework/URLHandlersStreamHandlerProxy' stamp='1.022'/>
<dependency_failed type='leaf_type' ctxk='java/security/cert/Certificate' witness='java/security/cert/X509Certificate' stamp='3.068'/>
<writer thread='140012369598208'/>
<dependency_failed type='unique_concrete_method' ctxk='java/lang/Throwable' x='java/lang/Throwable fillInStackTrace ()Ljava/lang/Throwable;' witness='com/sun/org/apache/xerces/internal/impl/XMLEntityScanner$1' stamp='4.586'/>
<dependency_failed type='leaf_type' ctxk='java/util/ArrayList' witness='com/sun/istack/FinalArrayList' stamp='5.714'/>
<dependency_failed type='leaf_type' ctxk='java/util/ArrayList' witness='com/sun/istack/FinalArrayList' stamp='5.714'/>
<dependency_failed type='leaf_type' ctxk='java/util/ArrayList' witness='com/sun/istack/FinalArrayList' stamp='5.714'/>
<dependency_failed type='leaf_type' ctxk='java/util/ArrayList' witness='com/sun/istack/FinalArrayList' stamp='5.714'/>
<dependency_failed type='leaf_type' ctxk='java/util/ArrayList' witness='com/sun/istack/FinalArrayList' stamp='5.714'/>
<dependency_failed type='leaf_type' ctxk='java/util/ArrayList' witness='com/sun/istack/FinalArrayList' stamp='5.714'/>
<dependency_failed type='leaf_type' ctxk='java/util/ArrayList' witness='com/sun/istack/FinalArrayList' stamp='5.714'/>
<dependency_failed type='leaf_type' ctxk='java/util/ArrayList' witness='com/sun/istack/FinalArrayList' stamp='5.714'/>
<dependency_failed type='leaf_type' ctxk='java/util/ArrayList' witness='com/sun/istack/FinalArrayList' stamp='5.714'/>
<dependency_failed type='leaf_type' ctxk='java/util/ArrayList' witness='com/sun/istack/FinalArrayList' stamp='5.714'/>
<dependency_failed type='leaf_type' ctxk='java/util/ArrayList' witness='com/sun/istack/FinalArrayList' stamp='5.714'/>
<dependency_failed type='leaf_type' ctxk='java/util/ArrayList' witness='com/sun/istack/FinalArrayList' stamp='5.714'/>
<dependency_failed type='leaf_type' ctxk='java/util/ArrayList' witness='com/sun/istack/FinalArrayList' stamp='5.714'/>
<dependency_failed type='leaf_type' ctxk='java/util/ArrayList' witness='com/sun/istack/FinalArrayList' stamp='5.714'/>
<dependency_failed type='leaf_type' ctxk='java/util/ArrayList' witness='com/sun/istack/FinalArrayList' stamp='5.714'/>
<dependency_failed type='leaf_type' ctxk='java/util/ArrayList' witness='com/sun/istack/FinalArrayList' stamp='5.714'/>
<dependency_failed type='leaf_type' ctxk='java/util/ArrayList' witness='com/sun/istack/FinalArrayList' stamp='5.714'/>
<dependency_failed type='leaf_type' ctxk='java/util/ArrayList' witness='com/sun/istack/FinalArrayList' stamp='5.714'/>
<dependency_failed type='leaf_type' ctxk='java/util/ArrayList' witness='com/sun/istack/FinalArrayList' stamp='5.715'/>
<dependency_failed type='leaf_type' ctxk='java/util/ArrayList' witness='com/sun/istack/FinalArrayList' stamp='5.715'/>
<dependency_failed type='leaf_type' ctxk='java/util/ArrayList' witness='com/sun/istack/FinalArrayList' stamp='5.715'/>
<dependency_failed type='leaf_type' ctxk='java/util/ArrayList' witness='com/sun/istack/FinalArrayList' stamp='5.715'/>
<dependency_failed type='leaf_type' ctxk='java/util/ArrayList' witness='com/sun/istack/FinalArrayList' stamp='5.715'/>
<dependency_failed type='leaf_type' ctxk='java/util/ArrayList' witness='com/sun/istack/FinalArrayList' stamp='5.715'/>
<dependency_failed type='leaf_type' ctxk='java/util/ArrayList' witness='com/sun/istack/FinalArrayList' stamp='5.715'/>
<dependency_failed type='leaf_type' ctxk='java/util/ArrayList' witness='com/sun/istack/FinalArrayList' stamp='5.715'/>
<dependency_failed type='leaf_type' ctxk='java/util/ArrayList' witness='com/sun/istack/FinalArrayList' stamp='5.715'/>
<dependency_failed type='leaf_type' ctxk='java/util/ArrayList' witness='com/sun/istack/FinalArrayList' stamp='5.715'/>
<dependency_failed type='leaf_type' ctxk='java/util/ArrayList' witness='com/sun/istack/FinalArrayList' stamp='5.715'/>
<dependency_failed type='leaf_type' ctxk='java/util/ArrayList' witness='com/sun/istack/FinalArrayList' stamp='5.715'/>
<dependency_failed type='leaf_type' ctxk='java/util/ArrayList' witness='com/sun/istack/FinalArrayList' stamp='5.715'/>
<dependency_failed type='leaf_type' ctxk='java/util/ArrayList' witness='com/sun/istack/FinalArrayList' stamp='5.715'/>
<dependency_failed type='leaf_type' ctxk='java/util/ArrayList' witness='com/sun/istack/FinalArrayList' stamp='5.715'/>
<dependency_failed type='leaf_type' ctxk='java/util/ArrayList' witness='com/sun/istack/FinalArrayList' stamp='5.715'/>
<dependency_failed type='leaf_type' ctxk='java/util/ArrayList' witness='com/sun/istack/FinalArrayList' stamp='5.715'/>
<dependency_failed type='leaf_type' ctxk='com/sun/org/apache/xerces/internal/util/NamespaceSupport' witness='com/sun/org/apache/xerces/internal/impl/xs/SchemaNamespaceSupport' stamp='6.068'/>
<dependency_failed type='leaf_type' ctxk='com/sun/org/apache/xerces/internal/xni/QName' witness='com/sun/org/apache/xerces/internal/impl/dv/xs/QNameDV$XQName' stamp='6.071'/>
<dependency_failed type='leaf_type' ctxk='com/sun/org/apache/xerces/internal/xni/QName' witness='com/sun/org/apache/xerces/internal/impl/dv/xs/QNameDV$XQName' stamp='6.071'/>
<dependency_failed type='leaf_type' ctxk='java/util/ArrayList$Itr' witness='java/util/ArrayList$ListItr' stamp='6.094'/>
<dependency_failed type='leaf_type' ctxk='java/util/ArrayList$Itr' witness='java/util/ArrayList$ListItr' stamp='6.094'/>
<writer thread='140012333176576'/>
<dependency_failed type='leaf_type' ctxk='java/util/concurrent/ThreadPoolExecutor' witness='java/util/concurrent/ScheduledThreadPoolExecutor' stamp='6.459'/>
<dependency_failed type='leaf_type' ctxk='java/util/concurrent/ThreadPoolExecutor' witness='java/util/concurrent/ScheduledThreadPoolExecutor' stamp='6.459'/>
<writer thread='140012369598208'/>
<dependency_failed type='unique_concrete_method' ctxk='java/util/HashMap' x='java/util/HashMap put (Ljava/lang/Object;Ljava/lang/Object;)Ljava/lang/Object;' witness='org/eclipse/jetty/http/PathMap' stamp='8.631'/>
<dependency_failed type='unique_concrete_method' ctxk='java/util/HashMap' x='java/util/HashMap put (Ljava/lang/Object;Ljava/lang/Object;)Ljava/lang/Object;' witness='org/eclipse/jetty/http/PathMap' stamp='8.631'/>
<dependency_failed type='unique_concrete_method' ctxk='java/util/HashMap' x='java/util/HashMap put (Ljava/lang/Object;Ljava/lang/Object;)Ljava/lang/Object;' witness='org/eclipse/jetty/http/PathMap' stamp='8.631'/>
<dependency_failed type='unique_concrete_method' ctxk='java/util/HashMap' x='java/util/HashMap put (Ljava/lang/Object;Ljava/lang/Object;)Ljava/lang/Object;' witness='org/eclipse/jetty/http/PathMap' stamp='8.631'/>
<dependency_failed type='unique_concrete_method' ctxk='java/util/HashMap' x='java/util/HashMap put (Ljava/lang/Object;Ljava/lang/Object;)Ljava/lang/Object;' witness='org/eclipse/jetty/http/PathMap' stamp='8.632'/>
<dependency_failed type='unique_concrete_method' ctxk='java/util/HashMap' x='java/util/HashMap put (Ljava/lang/Object;Ljava/lang/Object;)Ljava/lang/Object;' witness='org/eclipse/jetty/http/PathMap' stamp='8.632'/>
<dependency_failed type='unique_concrete_method' ctxk='java/util/HashMap' x='java/util/HashMap put (Ljava/lang/Object;Ljava/lang/Object;)Ljava/lang/Object;' witness='org/eclipse/jetty/http/PathMap' stamp='8.632'/>
<dependency_failed type='unique_concrete_method' ctxk='java/util/HashMap' x='java/util/HashMap put (Ljava/lang/Object;Ljava/lang/Object;)Ljava/lang/Object;' witness='org/eclipse/jetty/http/PathMap' stamp='8.632'/>
<dependency_failed type='unique_concrete_method' ctxk='java/util/HashMap' x='java/util/HashMap put (Ljava/lang/Object;Ljava/lang/Object;)Ljava/lang/Object;' witness='org/eclipse/jetty/http/PathMap' stamp='8.632'/>
<dependency_failed type='unique_concrete_method' ctxk='java/util/HashMap' x='java/util/HashMap put (Ljava/lang/Object;Ljava/lang/Object;)Ljava/lang/Object;' witness='org/eclipse/jetty/http/PathMap' stamp='8.632'/>
<dependency_failed type='unique_concrete_method' ctxk='java/util/HashMap' x='java/util/HashMap put (Ljava/lang/Object;Ljava/lang/Object;)Ljava/lang/Object;' witness='org/eclipse/jetty/http/PathMap' stamp='8.632'/>
<dependency_failed type='unique_concrete_method' ctxk='java/util/HashMap' x='java/util/HashMap put (Ljava/lang/Object;Ljava/lang/Object;)Ljava/lang/Object;' witness='org/eclipse/jetty/http/PathMap' stamp='8.632'/>
<dependency_failed type='unique_concrete_method' ctxk='java/util/HashMap' x='java/util/HashMap put (Ljava/lang/Object;Ljava/lang/Object;)Ljava/lang/Object;' witness='org/eclipse/jetty/http/PathMap' stamp='8.632'/>
<dependency_failed type='unique_concrete_method' ctxk='java/util/HashMap' x='java/util/HashMap remove (Ljava/lang/Object;)Ljava/lang/Object;' witness='org/eclipse/jetty/http/PathMap' stamp='8.632'/>
<dependency_failed type='unique_concrete_method' ctxk='java/util/HashMap' x='java/util/HashMap put (Ljava/lang/Object;Ljava/lang/Object;)Ljava/lang/Object;' witness='org/eclipse/jetty/http/PathMap' stamp='8.632'/>
<writer thread='140012331071232'/>
<dependency_failed type='leaf_type' ctxk='java/util/StringTokenizer' witness='org/eclipse/jetty/util/QuotedStringTokenizer' stamp='8.794'/>
<dependency_failed type='leaf_type' ctxk='java/util/StringTokenizer' witness='org/eclipse/jetty/util/QuotedStringTokenizer' stamp='8.794'/>
<dependency_failed type='leaf_type' ctxk='java/util/StringTokenizer' witness='org/eclipse/jetty/util/QuotedStringTokenizer' stamp='8.794'/>
<dependency_failed type='leaf_type' ctxk='java/util/StringTokenizer' witness='org/eclipse/jetty/util/QuotedStringTokenizer' stamp='8.794'/>
<dependency_failed type='leaf_type' ctxk='java/util/StringTokenizer' witness='org/eclipse/jetty/util/QuotedStringTokenizer' stamp='8.794'/>
<dependency_failed type='unique_concrete_method' ctxk='java/nio/HeapByteBuffer' x='java/nio/HeapByteBuffer _get (I)B' witness='java/nio/HeapByteBufferR' stamp='8.800'/>
<dependency_failed type='leaf_type' ctxk='java/nio/HeapByteBuffer' witness='java/nio/HeapByteBufferR' stamp='8.800'/>
<dependency_failed type='leaf_type' ctxk='java/nio/HeapByteBuffer' witness='java/nio/HeapByteBufferR' stamp='8.800'/>
<dependency_failed type='leaf_type' ctxk='java/nio/HeapByteBuffer' witness='java/nio/HeapByteBufferR' stamp='8.800'/>
<dependency_failed type='leaf_type' ctxk='java/nio/HeapByteBuffer' witness='java/nio/HeapByteBufferR' stamp='8.800'/>
<dependency_failed type='leaf_type' ctxk='java/nio/HeapByteBuffer' witness='java/nio/HeapByteBufferR' stamp='8.800'/>
<dependency_failed type='leaf_type' ctxk='java/nio/HeapByteBuffer' witness='java/nio/HeapByteBufferR' stamp='8.800'/>
<dependency_failed type='unique_concrete_method' ctxk='org/osgi/service/resolver/HostedCapability' x='org/apache/felix/resolver/WrappedCapability getDeclaredCapability ()Lorg/osgi/resource/Capability;' witness='org/osgi/service/resolver/HostedCapability' stamp='14.339'/>
<dependency_failed type='unique_concrete_method' ctxk='java/util/HashMap' x='java/util/HashMap containsKey (Ljava/lang/Object;)Z' witness='org/apache/commons/beanutils/WeakFastHashMap' stamp='16.875'/>
<dependency_failed type='unique_concrete_method' ctxk='java/util/HashMap' x='java/util/HashMap size ()I' witness='org/apache/commons/beanutils/WeakFastHashMap' stamp='16.875'/>
<dependency_failed type='unique_concrete_method' ctxk='java/util/HashMap' x='java/util/HashMap size ()I' witness='org/apache/commons/beanutils/WeakFastHashMap' stamp='16.875'/>
<dependency_failed type='unique_concrete_method' ctxk='java/util/HashMap' x='java/util/HashMap containsKey (Ljava/lang/Object;)Z' witness='org/apache/commons/beanutils/WeakFastHashMap' stamp='16.875'/>
<dependency_failed type='unique_concrete_method' ctxk='java/util/HashMap' x='java/util/HashMap containsKey (Ljava/lang/Object;)Z' witness='org/apache/commons/beanutils/WeakFastHashMap' stamp='16.875'/>
<dependency_failed type='unique_concrete_method' ctxk='java/util/HashMap' x='java/util/HashMap containsKey (Ljava/lang/Object;)Z' witness='org/apache/commons/beanutils/WeakFastHashMap' stamp='16.875'/>
<dependency_failed type='unique_concrete_method' ctxk='java/util/HashMap' x='java/util/HashMap containsKey (Ljava/lang/Object;)Z' witness='org/apache/commons/beanutils/WeakFastHashMap' stamp='16.875'/>
<dependency_failed type='unique_concrete_method' ctxk='java/util/HashMap' x='java/util/HashMap containsKey (Ljava/lang/Object;)Z' witness='org/apache/commons/beanutils/WeakFastHashMap' stamp='16.875'/>
<dependency_failed type='unique_concrete_method' ctxk='java/util/HashMap' x='java/util/HashMap containsKey (Ljava/lang/Object;)Z' witness='org/apache/commons/beanutils/WeakFastHashMap' stamp='16.875'/>
<dependency_failed type='unique_concrete_method' ctxk='java/util/HashMap' x='java/util/HashMap containsKey (Ljava/lang/Object;)Z' witness='org/apache/commons/beanutils/WeakFastHashMap' stamp='16.875'/>
<dependency_failed type='unique_concrete_method' ctxk='java/util/HashMap' x='java/util/HashMap containsKey (Ljava/lang/Object;)Z' witness='org/apache/commons/beanutils/WeakFastHashMap' stamp='16.875'/>
<dependency_failed type='unique_concrete_method' ctxk='java/util/HashMap' x='java/util/HashMap size ()I' witness='org/apache/commons/beanutils/WeakFastHashMap' stamp='16.875'/>
<dependency_failed type='unique_concrete_method' ctxk='java/util/HashMap' x='java/util/HashMap containsKey (Ljava/lang/Object;)Z' witness='org/apache/commons/beanutils/WeakFastHashMap' stamp='16.875'/>
<dependency_failed type='unique_concrete_method' ctxk='java/util/HashMap' x='java/util/HashMap containsKey (Ljava/lang/Object;)Z' witness='org/apache/commons/beanutils/WeakFastHashMap' stamp='16.875'/>
<dependency_failed type='unique_concrete_method' ctxk='java/util/HashMap' x='java/util/HashMap containsKey (Ljava/lang/Object;)Z' witness='org/apache/commons/beanutils/WeakFastHashMap' stamp='16.875'/>
<dependency_failed type='unique_concrete_method' ctxk='java/util/HashMap' x='java/util/HashMap size ()I' witness='org/apache/commons/beanutils/WeakFastHashMap' stamp='16.875'/>
<dependency_failed type='unique_concrete_method' ctxk='java/util/HashMap' x='java/util/HashMap containsKey (Ljava/lang/Object;)Z' witness='org/apache/commons/beanutils/WeakFastHashMap' stamp='16.875'/>
<dependency_failed type='unique_concrete_method' ctxk='java/util/HashMap' x='java/util/HashMap containsKey (Ljava/lang/Object;)Z' witness='org/apache/commons/beanutils/WeakFastHashMap' stamp='16.875'/>
<dependency_failed type='unique_concrete_method' ctxk='java/util/HashMap' x='java/util/HashMap isEmpty ()Z' witness='org/apache/commons/beanutils/WeakFastHashMap' stamp='16.875'/>
<dependency_failed type='unique_concrete_method' ctxk='java/util/HashMap' x='java/util/HashMap clone ()Ljava/lang/Object;' witness='org/apache/commons/beanutils/WeakFastHashMap' stamp='16.875'/>
<dependency_failed type='unique_concrete_method' ctxk='java/util/HashMap' x='java/util/HashMap containsKey (Ljava/lang/Object;)Z' witness='org/apache/commons/beanutils/WeakFastHashMap' stamp='16.876'/>
<dependency_failed type='unique_concrete_method' ctxk='java/util/HashMap' x='java/util/HashMap containsKey (Ljava/lang/Object;)Z' witness='org/apache/commons/beanutils/WeakFastHashMap' stamp='16.876'/>
<dependency_failed type='leaf_type' ctxk='java/util/Date' witness='java/sql/Date' stamp='16.886'/>
<dependency_failed type='leaf_type' ctxk='java/util/Date' witness='java/sql/Date' stamp='16.886'/>
<dependency_failed type='leaf_type' ctxk='java/util/Date' witness='java/sql/Date' stamp='16.886'/>
<dependency_failed type='leaf_type' ctxk='java/util/Date' witness='java/sql/Date' stamp='16.886'/>
<dependency_failed type='leaf_type' ctxk='java/util/Date' witness='java/sql/Date' stamp='16.886'/>
<dependency_failed type='leaf_type' ctxk='java/util/Date' witness='java/sql/Date' stamp='16.886'/>
<dependency_failed type='leaf_type' ctxk='java/util/Date' witness='java/sql/Date' stamp='16.886'/>
<dependency_failed type='leaf_type' ctxk='java/util/concurrent/atomic/AtomicReference' witness='org/eclipse/sisu/inject/RankedSequence' stamp='17.014'/>
<dependency_failed type='leaf_type' ctxk='java/util/concurrent/atomic/AtomicReference' witness='org/eclipse/sisu/inject/RankedSequence' stamp='17.014'/>
<dependency_failed type='leaf_type' ctxk='java/util/concurrent/atomic/AtomicReference' witness='org/eclipse/sisu/inject/RankedSequence' stamp='17.014'/>
<dependency_failed type='leaf_type' ctxk='java/util/concurrent/atomic/AtomicReference' witness='org/eclipse/sisu/inject/RankedSequence' stamp='17.014'/>
<dependency_failed type='abstract_with_unique_concrete_subtype' ctxk='java/util/AbstractSequentialList' x='java/util/LinkedList' witness='org/eclipse/sisu/wire/EntryListAdapter' stamp='17.405'/>
<dependency_failed type='leaf_type' ctxk='java/util/concurrent/ConcurrentHashMap' witness='javax/el/BeanELResolver$SoftConcurrentHashMap' stamp='17.839'/>
<dependency_failed type='leaf_type' ctxk='java/util/concurrent/ConcurrentHashMap' witness='javax/el/BeanELResolver$SoftConcurrentHashMap' stamp='17.839'/>
<dependency_failed type='leaf_type' ctxk='java/util/concurrent/ConcurrentHashMap' witness='javax/el/BeanELResolver$SoftConcurrentHashMap' stamp='17.839'/>
<dependency_failed type='leaf_type' ctxk='java/util/concurrent/ConcurrentHashMap' witness='javax/el/BeanELResolver$SoftConcurrentHashMap' stamp='17.839'/>
<dependency_failed type='unique_concrete_method' ctxk='java/util/concurrent/ConcurrentHashMap' x='java/util/concurrent/ConcurrentHashMap get (Ljava/lang/Object;)Ljava/lang/Object;' witness='javax/el/BeanELResolver$SoftConcurrentHashMap' stamp='17.839'/>
<dependency_failed type='leaf_type' ctxk='java/util/concurrent/ConcurrentHashMap' witness='javax/el/BeanELResolver$SoftConcurrentHashMap' stamp='17.839'/>
<dependency_failed type='leaf_type' ctxk='java/util/concurrent/ConcurrentHashMap' witness='javax/el/BeanELResolver$SoftConcurrentHashMap' stamp='17.839'/>
<dependency_failed type='leaf_type' ctxk='java/util/concurrent/ConcurrentHashMap' witness='javax/el/BeanELResolver$SoftConcurrentHashMap' stamp='17.839'/>
<dependency_failed type='leaf_type' ctxk='java/util/concurrent/ConcurrentHashMap' witness='javax/el/BeanELResolver$SoftConcurrentHashMap' stamp='17.839'/>
<dependency_failed type='unique_concrete_method' ctxk='java/util/concurrent/ConcurrentHashMap' x='java/util/concurrent/ConcurrentHashMap get (Ljava/lang/Object;)Ljava/lang/Object;' witness='javax/el/BeanELResolver$SoftConcurrentHashMap' stamp='17.839'/>
<dependency_failed type='unique_concrete_method' ctxk='java/util/concurrent/ConcurrentHashMap' x='java/util/concurrent/ConcurrentHashMap putIfAbsent (Ljava/lang/Object;Ljava/lang/Object;)Ljava/lang/Object;' witness='javax/el/BeanELResolver$SoftConcurrentHashMap' stamp='17.839'/>
<dependency_failed type='leaf_type' ctxk='java/util/concurrent/ConcurrentHashMap' witness='javax/el/BeanELResolver$SoftConcurrentHashMap' stamp='17.839'/>
<dependency_failed type='leaf_type' ctxk='java/util/concurrent/ConcurrentHashMap' witness='javax/el/BeanELResolver$SoftConcurrentHashMap' stamp='17.840'/>
<dependency_failed type='leaf_type' ctxk='java/util/concurrent/ConcurrentHashMap' witness='javax/el/BeanELResolver$SoftConcurrentHashMap' stamp='17.840'/>
<dependency_failed type='leaf_type' ctxk='java/util/concurrent/ConcurrentHashMap' witness='javax/el/BeanELResolver$SoftConcurrentHashMap' stamp='17.840'/>
<dependency_failed type='leaf_type' ctxk='java/util/concurrent/ConcurrentHashMap' witness='javax/el/BeanELResolver$SoftConcurrentHashMap' stamp='17.840'/>
<dependency_failed type='leaf_type' ctxk='java/util/concurrent/ConcurrentHashMap' witness='javax/el/BeanELResolver$SoftConcurrentHashMap' stamp='17.840'/>
<dependency_failed type='leaf_type' ctxk='java/util/concurrent/ConcurrentHashMap' witness='javax/el/BeanELResolver$SoftConcurrentHashMap' stamp='17.840'/>
<dependency_failed type='leaf_type' ctxk='java/util/concurrent/ConcurrentHashMap' witness='javax/el/BeanELResolver$SoftConcurrentHashMap' stamp='17.840'/>
<dependency_failed type='leaf_type' ctxk='java/util/concurrent/ConcurrentHashMap' witness='javax/el/BeanELResolver$SoftConcurrentHashMap' stamp='17.840'/>
<dependency_failed type='leaf_type' ctxk='java/util/concurrent/ConcurrentHashMap' witness='javax/el/BeanELResolver$SoftConcurrentHashMap' stamp='17.840'/>
<dependency_failed type='leaf_type' ctxk='java/util/concurrent/ConcurrentHashMap' witness='javax/el/BeanELResolver$SoftConcurrentHashMap' stamp='17.840'/>
<dependency_failed type='leaf_type' ctxk='java/util/concurrent/ConcurrentHashMap' witness='javax/el/BeanELResolver$SoftConcurrentHashMap' stamp='17.840'/>
<dependency_failed type='leaf_type' ctxk='java/util/concurrent/ConcurrentHashMap' witness='javax/el/BeanELResolver$SoftConcurrentHashMap' stamp='17.840'/>
<dependency_failed type='leaf_type' ctxk='com/google/common/cache/LocalCache$StrongEntry' witness='com/google/common/cache/LocalCache$StrongAccessEntry' stamp='18.811'/>
<dependency_failed type='unique_concrete_method' ctxk='com/google/inject/Binding' x='com/google/inject/internal/BindingImpl getKey ()Lcom/google/inject/Key;' witness='com/google/inject/Binding' stamp='19.219'/>
<dependency_failed type='unique_concrete_method' ctxk='com/google/inject/Binding' x='com/google/inject/internal/BindingImpl getKey ()Lcom/google/inject/Key;' witness='com/google/inject/Binding' stamp='19.219'/>
<dependency_failed type='unique_concrete_method' ctxk='com/google/inject/Binding' x='com/google/inject/internal/BindingImpl getKey ()Lcom/google/inject/Key;' witness='com/google/inject/Binding' stamp='19.219'/>
<dependency_failed type='unique_concrete_method' ctxk='java/util/concurrent/RejectedExecutionHandler' x='java/util/concurrent/ThreadPoolExecutor$AbortPolicy rejectedExecution (Ljava/lang/Runnable;Ljava/util/concurrent/ThreadPoolExecutor;)V' witness='java/util/concurrent/RejectedExecutionHandler' stamp='20.906'/>
<dependency_failed type='unique_concrete_method' ctxk='java/lang/reflect/AccessibleObject' x='java/lang/reflect/AccessibleObject setAccessible (Z)V' witness='com/google/common/reflect/Element' stamp='20.939'/>
<writer thread='140012446881536'/>
<dependency_failed type='leaf_type' ctxk='org/xml/sax/helpers/AttributesImpl' witness='com/sun/org/apache/xml/internal/serializer/AttributesImplSerializer' stamp='30.485'/>
<dependency_failed type='abstract_with_unique_concrete_subtype' ctxk='java/nio/charset/spi/CharsetProvider' x='sun/nio/cs/FastCharsetProvider' witness='sun/nio/cs/AbstractCharsetProvider' stamp='30.533'/>
<writer thread='140012369598208'/>
<dependency_failed type='abstract_with_unique_concrete_subtype' ctxk='java/util/TimeZone' x='sun/util/calendar/ZoneInfo' witness='java/util/SimpleTimeZone' stamp='33.128'/>
<dependency_failed type='unique_concrete_method' ctxk='java/util/LinkedHashMap' x='java/util/LinkedHashMap get (Ljava/lang/Object;)Ljava/lang/Object;' witness='jdk/nashorn/internal/runtime/Context$ClassCache' stamp='37.755'/>
<dependency_failed type='unique_concrete_method' ctxk='java/util/LinkedHashMap' x='java/util/LinkedHashMap get (Ljava/lang/Object;)Ljava/lang/Object;' witness='jdk/nashorn/internal/runtime/Context$ClassCache' stamp='37.755'/>
<dependency_failed type='unique_concrete_method' ctxk='java/util/LinkedHashMap' x='java/util/LinkedHashMap get (Ljava/lang/Object;)Ljava/lang/Object;' witness='jdk/nashorn/internal/runtime/Context$ClassCache' stamp='37.755'/>
<dependency_failed type='unique_concrete_method' ctxk='java/util/LinkedHashMap' x='java/util/LinkedHashMap get (Ljava/lang/Object;)Ljava/lang/Object;' witness='jdk/nashorn/internal/runtime/Context$ClassCache' stamp='37.755'/>
<dependency_failed type='unique_concrete_method' ctxk='java/util/LinkedHashMap' x='java/util/LinkedHashMap get (Ljava/lang/Object;)Ljava/lang/Object;' witness='jdk/nashorn/internal/runtime/Context$ClassCache' stamp='37.755'/>
<dependency_failed type='unique_concrete_method' ctxk='java/util/LinkedHashMap' x='java/util/LinkedHashMap get (Ljava/lang/Object;)Ljava/lang/Object;' witness='jdk/nashorn/internal/runtime/Context$ClassCache' stamp='37.755'/>
<dependency_failed type='unique_concrete_method' ctxk='java/util/LinkedHashMap' x='java/util/LinkedHashMap get (Ljava/lang/Object;)Ljava/lang/Object;' witness='jdk/nashorn/internal/runtime/Context$ClassCache' stamp='37.755'/>
<dependency_failed type='leaf_type' ctxk='java/util/concurrent/LinkedBlockingQueue' witness='com/orientechnologies/orient/core/Orient$2' stamp='38.001'/>
<dependency_failed type='abstract_with_unique_concrete_subtype' ctxk='java/security/cert/CertPath' x='sun/security/provider/certpath/X509CertPath' witness='org/bouncycastle/jcajce/provider/asymmetric/x509/PKIXCertPath' stamp='38.227'/>
<dependency_failed type='abstract_with_unique_concrete_subtype' ctxk='java/security/cert/CertPath' x='sun/security/provider/certpath/X509CertPath' witness='org/bouncycastle/jcajce/provider/asymmetric/x509/PKIXCertPath' stamp='38.227'/>
<dependency_failed type='unique_concrete_method' ctxk='java/security/cert/Certificate' x='java/security/cert/Certificate equals (Ljava/lang/Object;)Z' witness='org/bouncycastle/jcajce/provider/asymmetric/x509/X509CertificateObject' stamp='38.231'/>
<dependency_failed type='unique_concrete_method' ctxk='java/security/cert/Certificate' x='java/security/cert/Certificate equals (Ljava/lang/Object;)Z' witness='org/bouncycastle/jcajce/provider/asymmetric/x509/X509CertificateObject' stamp='38.231'/>
<dependency_failed type='unique_concrete_method' ctxk='java/lang/ThreadLocal' x='java/lang/ThreadLocal get ()Ljava/lang/Object;' witness='com/orientechnologies/orient/core/db/ODatabaseRecordThreadLocal' stamp='38.422'/>
<dependency_failed type='unique_concrete_method' ctxk='java/lang/ThreadLocal' x='java/lang/ThreadLocal get ()Ljava/lang/Object;' witness='com/orientechnologies/orient/core/db/ODatabaseRecordThreadLocal' stamp='38.422'/>
<dependency_failed type='unique_concrete_method' ctxk='java/lang/ThreadLocal' x='java/lang/ThreadLocal get ()Ljava/lang/Object;' witness='com/orientechnologies/orient/core/db/ODatabaseRecordThreadLocal' stamp='38.422'/>
<dependency_failed type='unique_concrete_method' ctxk='java/lang/ThreadLocal' x='java/lang/ThreadLocal get ()Ljava/lang/Object;' witness='com/orientechnologies/orient/core/db/ODatabaseRecordThreadLocal' stamp='38.422'/>
<dependency_failed type='unique_concrete_method' ctxk='java/lang/ThreadLocal' x='java/lang/ThreadLocal get ()Ljava/lang/Object;' witness='com/orientechnologies/orient/core/db/ODatabaseRecordThreadLocal' stamp='38.422'/>
<dependency_failed type='unique_concrete_method' ctxk='java/lang/ThreadLocal' x='java/lang/ThreadLocal get ()Ljava/lang/Object;' witness='com/orientechnologies/orient/core/db/ODatabaseRecordThreadLocal' stamp='38.422'/>
<dependency_failed type='unique_concrete_method' ctxk='java/lang/ThreadLocal' x='java/lang/ThreadLocal get ()Ljava/lang/Object;' witness='com/orientechnologies/orient/core/db/ODatabaseRecordThreadLocal' stamp='38.422'/>
<dependency_failed type='unique_concrete_method' ctxk='java/lang/ThreadLocal' x='java/lang/ThreadLocal set (Ljava/lang/Object;)V' witness='com/orientechnologies/orient/core/db/ODatabaseRecordThreadLocal' stamp='38.422'/>
<dependency_failed type='unique_concrete_method' ctxk='java/lang/ThreadLocal' x='java/lang/ThreadLocal get ()Ljava/lang/Object;' witness='com/orientechnologies/orient/core/db/ODatabaseRecordThreadLocal' stamp='38.422'/>
<dependency_failed type='unique_concrete_method' ctxk='java/lang/ThreadLocal' x='java/lang/ThreadLocal get ()Ljava/lang/Object;' witness='com/orientechnologies/orient/core/db/ODatabaseRecordThreadLocal' stamp='38.422'/>
<dependency_failed type='unique_concrete_method' ctxk='java/lang/ThreadLocal' x='java/lang/ThreadLocal get ()Ljava/lang/Object;' witness='com/orientechnologies/orient/core/db/ODatabaseRecordThreadLocal' stamp='38.422'/>
<dependency_failed type='unique_concrete_method' ctxk='java/lang/ThreadLocal' x='java/lang/ThreadLocal get ()Ljava/lang/Object;' witness='com/orientechnologies/orient/core/db/ODatabaseRecordThreadLocal' stamp='38.422'/>
<dependency_failed type='unique_concrete_method' ctxk='java/lang/ThreadLocal' x='java/lang/ThreadLocal get ()Ljava/lang/Object;' witness='com/orientechnologies/orient/core/db/ODatabaseRecordThreadLocal' stamp='38.422'/>
<dependency_failed type='unique_concrete_method' ctxk='java/lang/ThreadLocal' x='java/lang/ThreadLocal get ()Ljava/lang/Object;' witness='com/orientechnologies/orient/core/db/ODatabaseRecordThreadLocal' stamp='38.422'/>
<dependency_failed type='unique_concrete_method' ctxk='java/lang/ThreadLocal' x='java/lang/ThreadLocal get ()Ljava/lang/Object;' witness='com/orientechnologies/orient/core/db/ODatabaseRecordThreadLocal' stamp='38.422'/>
<dependency_failed type='unique_concrete_method' ctxk='java/lang/ThreadLocal' x='java/lang/ThreadLocal get ()Ljava/lang/Object;' witness='com/orientechnologies/orient/core/db/ODatabaseRecordThreadLocal' stamp='38.422'/>
<dependency_failed type='unique_concrete_method' ctxk='java/lang/ThreadLocal' x='java/lang/ThreadLocal get ()Ljava/lang/Object;' witness='com/orientechnologies/orient/core/db/ODatabaseRecordThreadLocal' stamp='38.422'/>
<dependency_failed type='unique_concrete_method' ctxk='java/lang/ThreadLocal' x='java/lang/ThreadLocal get ()Ljava/lang/Object;' witness='com/orientechnologies/orient/core/db/ODatabaseRecordThreadLocal' stamp='38.422'/>
<dependency_failed type='unique_concrete_method' ctxk='java/lang/ThreadLocal' x='java/lang/ThreadLocal get ()Ljava/lang/Object;' witness='com/orientechnologies/orient/core/db/ODatabaseRecordThreadLocal' stamp='38.422'/>
<dependency_failed type='unique_concrete_method' ctxk='java/lang/ThreadLocal' x='java/lang/ThreadLocal get ()Ljava/lang/Object;' witness='com/orientechnologies/orient/core/db/ODatabaseRecordThreadLocal' stamp='38.422'/>
<dependency_failed type='unique_concrete_method' ctxk='java/lang/ThreadLocal' x='java/lang/ThreadLocal get ()Ljava/lang/Object;' witness='com/orientechnologies/orient/core/db/ODatabaseRecordThreadLocal' stamp='38.422'/>
<dependency_failed type='unique_concrete_method' ctxk='java/lang/ThreadLocal' x='java/lang/ThreadLocal get ()Ljava/lang/Object;' witness='com/orientechnologies/orient/core/db/ODatabaseRecordThreadLocal' stamp='38.422'/>
<dependency_failed type='unique_concrete_method' ctxk='java/lang/ThreadLocal' x='java/lang/ThreadLocal get ()Ljava/lang/Object;' witness='com/orientechnologies/orient/core/db/ODatabaseRecordThreadLocal' stamp='38.422'/>
<dependency_failed type='unique_concrete_method' ctxk='java/lang/ThreadLocal' x='java/lang/ThreadLocal set (Ljava/lang/Object;)V' witness='com/orientechnologies/orient/core/db/ODatabaseRecordThreadLocal' stamp='38.422'/>
<dependency_failed type='unique_concrete_method' ctxk='java/lang/ThreadLocal' x='java/lang/ThreadLocal set (Ljava/lang/Object;)V' witness='com/orientechnologies/orient/core/db/ODatabaseRecordThreadLocal' stamp='38.422'/>
<dependency_failed type='unique_concrete_method' ctxk='java/lang/ThreadLocal' x='java/lang/ThreadLocal get ()Ljava/lang/Object;' witness='com/orientechnologies/orient/core/db/ODatabaseRecordThreadLocal' stamp='38.422'/>
<dependency_failed type='unique_concrete_method' ctxk='java/lang/ThreadLocal' x='java/lang/ThreadLocal get ()Ljava/lang/Object;' witness='com/orientechnologies/orient/core/db/ODatabaseRecordThreadLocal' stamp='38.423'/>
<dependency_failed type='unique_concrete_method' ctxk='java/util/ArrayList' x='java/util/ArrayList addAll (Ljava/util/Collection;)Z' witness='com/orientechnologies/orient/core/db/record/OTrackedList' stamp='38.644'/>
<dependency_failed type='unique_concrete_method' ctxk='java/util/ArrayList' x='java/util/ArrayList addAll (Ljava/util/Collection;)Z' witness='com/orientechnologies/orient/core/db/record/OTrackedList' stamp='38.644'/>
<dependency_failed type='unique_concrete_method' ctxk='java/util/ArrayList' x='java/util/ArrayList addAll (Ljava/util/Collection;)Z' witness='com/orientechnologies/orient/core/db/record/OTrackedList' stamp='38.644'/>
<dependency_failed type='unique_concrete_method' ctxk='java/util/ArrayList' x='java/util/ArrayList addAll (Ljava/util/Collection;)Z' witness='com/orientechnologies/orient/core/db/record/OTrackedList' stamp='38.644'/>
<dependency_failed type='unique_concrete_method' ctxk='java/util/ArrayList' x='java/util/ArrayList clear ()V' witness='com/orientechnologies/orient/core/db/record/OTrackedList' stamp='38.644'/>
<dependency_failed type='unique_concrete_method' ctxk='java/util/ArrayList' x='java/util/ArrayList add (Ljava/lang/Object;)Z' witness='com/orientechnologies/orient/core/db/record/OTrackedList' stamp='38.644'/>
<dependency_failed type='unique_concrete_method' ctxk='java/util/ArrayList' x='java/util/ArrayList remove (I)Ljava/lang/Object;' witness='com/orientechnologies/orient/core/db/record/OTrackedList' stamp='38.644'/>
<dependency_failed type='unique_concrete_method' ctxk='java/util/ArrayList' x='java/util/ArrayList remove (I)Ljava/lang/Object;' witness='com/orientechnologies/orient/core/db/record/OTrackedList' stamp='38.644'/>
<dependency_failed type='unique_concrete_method' ctxk='java/util/ArrayList' x='java/util/ArrayList add (ILjava/lang/Object;)V' witness='com/orientechnologies/orient/core/db/record/OTrackedList' stamp='38.644'/>
<dependency_failed type='unique_concrete_method' ctxk='java/util/ArrayList' x='java/util/ArrayList add (Ljava/lang/Object;)Z' witness='com/orientechnologies/orient/core/db/record/OTrackedList' stamp='38.644'/>
<dependency_failed type='unique_concrete_method' ctxk='java/util/ArrayList' x='java/util/ArrayList add (Ljava/lang/Object;)Z' witness='com/orientechnologies/orient/core/db/record/OTrackedList' stamp='38.644'/>
<dependency_failed type='unique_concrete_method' ctxk='java/util/ArrayList' x='java/util/ArrayList add (Ljava/lang/Object;)Z' witness='com/orientechnologies/orient/core/db/record/OTrackedList' stamp='38.644'/>
<dependency_failed type='unique_concrete_method' ctxk='java/util/ArrayList' x='java/util/ArrayList add (Ljava/lang/Object;)Z' witness='com/orientechnologies/orient/core/db/record/OTrackedList' stamp='38.644'/>
<dependency_failed type='unique_concrete_method' ctxk='java/util/ArrayList' x='java/util/ArrayList addAll (Ljava/util/Collection;)Z' witness='com/orientechnologies/orient/core/db/record/OTrackedList' stamp='38.644'/>
<dependency_failed type='unique_concrete_method' ctxk='java/util/ArrayList' x='java/util/ArrayList add (Ljava/lang/Object;)Z' witness='com/orientechnologies/orient/core/db/record/OTrackedList' stamp='38.644'/>
<dependency_failed type='unique_concrete_method' ctxk='java/util/ArrayList' x='java/util/ArrayList add (Ljava/lang/Object;)Z' witness='com/orientechnologies/orient/core/db/record/OTrackedList' stamp='38.644'/>
<dependency_failed type='unique_concrete_method' ctxk='java/util/ArrayList' x='java/util/ArrayList add (Ljava/lang/Object;)Z' witness='com/orientechnologies/orient/core/db/record/OTrackedList' stamp='38.644'/>
<dependency_failed type='unique_concrete_method' ctxk='java/util/ArrayList' x='java/util/ArrayList add (Ljava/lang/Object;)Z' witness='com/orientechnologies/orient/core/db/record/OTrackedList' stamp='38.644'/>
<dependency_failed type='unique_concrete_method' ctxk='java/util/ArrayList' x='java/util/ArrayList add (Ljava/lang/Object;)Z' witness='com/orientechnologies/orient/core/db/record/OTrackedList' stamp='38.644'/>
<dependency_failed type='unique_concrete_method' ctxk='java/util/ArrayList' x='java/util/ArrayList add (Ljava/lang/Object;)Z' witness='com/orientechnologies/orient/core/db/record/OTrackedList' stamp='38.644'/>
<dependency_failed type='unique_concrete_method' ctxk='java/util/ArrayList' x='java/util/ArrayList add (Ljava/lang/Object;)Z' witness='com/orientechnologies/orient/core/db/record/OTrackedList' stamp='38.644'/>
<dependency_failed type='unique_concrete_method' ctxk='java/util/ArrayList' x='java/util/ArrayList remove (I)Ljava/lang/Object;' witness='com/orientechnologies/orient/core/db/record/OTrackedList' stamp='38.644'/>
<dependency_failed type='unique_concrete_method' ctxk='java/util/ArrayList' x='java/util/ArrayList add (Ljava/lang/Object;)Z' witness='com/orientechnologies/orient/core/db/record/OTrackedList' stamp='38.644'/>
<dependency_failed type='unique_concrete_method' ctxk='java/util/ArrayList' x='java/util/ArrayList add (Ljava/lang/Object;)Z' witness='com/orientechnologies/orient/core/db/record/OTrackedList' stamp='38.644'/>
<dependency_failed type='unique_concrete_method' ctxk='java/util/ArrayList' x='java/util/ArrayList add (Ljava/lang/Object;)Z' witness='com/orientechnologies/orient/core/db/record/OTrackedList' stamp='38.644'/>
<dependency_failed type='unique_concrete_method' ctxk='java/util/ArrayList' x='java/util/ArrayList addAll (Ljava/util/Collection;)Z' witness='com/orientechnologies/orient/core/db/record/OTrackedList' stamp='38.644'/>
<dependency_failed type='unique_concrete_method' ctxk='java/util/ArrayList' x='java/util/ArrayList add (Ljava/lang/Object;)Z' witness='com/orientechnologies/orient/core/db/record/OTrackedList' stamp='38.644'/>
<dependency_failed type='unique_concrete_method' ctxk='java/util/ArrayList' x='java/util/ArrayList addAll (Ljava/util/Collection;)Z' witness='com/orientechnologies/orient/core/db/record/OTrackedList' stamp='38.644'/>
<dependency_failed type='unique_concrete_method' ctxk='java/util/ArrayList' x='java/util/ArrayList add (Ljava/lang/Object;)Z' witness='com/orientechnologies/orient/core/db/record/OTrackedList' stamp='38.644'/>
<dependency_failed type='unique_concrete_method' ctxk='java/util/ArrayList' x='java/util/ArrayList remove (I)Ljava/lang/Object;' witness='com/orientechnologies/orient/core/db/record/OTrackedList' stamp='38.644'/>
<dependency_failed type='unique_concrete_method' ctxk='java/util/ArrayList' x='java/util/ArrayList add (Ljava/lang/Object;)Z' witness='com/orientechnologies/orient/core/db/record/OTrackedList' stamp='38.644'/>
<dependency_failed type='unique_concrete_method' ctxk='java/util/ArrayList' x='java/util/ArrayList add (Ljava/lang/Object;)Z' witness='com/orientechnologies/orient/core/db/record/OTrackedList' stamp='38.644'/>
<dependency_failed type='unique_concrete_method' ctxk='java/util/ArrayList' x='java/util/ArrayList add (Ljava/lang/Object;)Z' witness='com/orientechnologies/orient/core/db/record/OTrackedList' stamp='38.644'/>
<dependency_failed type='unique_concrete_method' ctxk='java/util/ArrayList' x='java/util/ArrayList addAll (Ljava/util/Collection;)Z' witness='com/orientechnologies/orient/core/db/record/OTrackedList' stamp='38.644'/>
<dependency_failed type='unique_concrete_method' ctxk='java/util/ArrayList' x='java/util/ArrayList add (Ljava/lang/Object;)Z' witness='com/orientechnologies/orient/core/db/record/OTrackedList' stamp='38.644'/>
<dependency_failed type='unique_concrete_method' ctxk='java/util/ArrayList' x='java/util/ArrayList add (Ljava/lang/Object;)Z' witness='com/orientechnologies/orient/core/db/record/OTrackedList' stamp='38.644'/>
<dependency_failed type='unique_concrete_method' ctxk='java/util/ArrayList' x='java/util/ArrayList add (Ljava/lang/Object;)Z' witness='com/orientechnologies/orient/core/db/record/OTrackedList' stamp='38.644'/>
<dependency_failed type='unique_concrete_method' ctxk='java/util/ArrayList' x='java/util/ArrayList add (Ljava/lang/Object;)Z' witness='com/orientechnologies/orient/core/db/record/OTrackedList' stamp='38.644'/>
<dependency_failed type='unique_concrete_method' ctxk='java/util/ArrayList' x='java/util/ArrayList add (Ljava/lang/Object;)Z' witness='com/orientechnologies/orient/core/db/record/OTrackedList' stamp='38.645'/>
<dependency_failed type='unique_concrete_method' ctxk='java/util/ArrayList' x='java/util/ArrayList addAll (Ljava/util/Collection;)Z' witness='com/orientechnologies/orient/core/db/record/OTrackedList' stamp='38.645'/>
<dependency_failed type='unique_concrete_method' ctxk='java/util/ArrayList' x='java/util/ArrayList add (Ljava/lang/Object;)Z' witness='com/orientechnologies/orient/core/db/record/OTrackedList' stamp='38.645'/>
<dependency_failed type='unique_concrete_method' ctxk='java/util/ArrayList' x='java/util/ArrayList add (Ljava/lang/Object;)Z' witness='com/orientechnologies/orient/core/db/record/OTrackedList' stamp='38.645'/>
<dependency_failed type='unique_concrete_method' ctxk='java/util/ArrayList' x='java/util/ArrayList add (Ljava/lang/Object;)Z' witness='com/orientechnologies/orient/core/db/record/OTrackedList' stamp='38.645'/>
<dependency_failed type='unique_concrete_method' ctxk='java/util/ArrayList' x='java/util/ArrayList add (Ljava/lang/Object;)Z' witness='com/orientechnologies/orient/core/db/record/OTrackedList' stamp='38.645'/>
<dependency_failed type='unique_concrete_method' ctxk='java/util/ArrayList' x='java/util/ArrayList set (ILjava/lang/Object;)Ljava/lang/Object;' witness='com/orientechnologies/orient/core/db/record/OTrackedList' stamp='38.645'/>
<dependency_failed type='unique_concrete_method' ctxk='java/util/ArrayList' x='java/util/ArrayList add (Ljava/lang/Object;)Z' witness='com/orientechnologies/orient/core/db/record/OTrackedList' stamp='38.645'/>
<dependency_failed type='unique_concrete_method' ctxk='java/util/ArrayList' x='java/util/ArrayList add (Ljava/lang/Object;)Z' witness='com/orientechnologies/orient/core/db/record/OTrackedList' stamp='38.645'/>
<dependency_failed type='unique_concrete_method' ctxk='java/util/ArrayList' x='java/util/ArrayList add (Ljava/lang/Object;)Z' witness='com/orientechnologies/orient/core/db/record/OTrackedList' stamp='38.645'/>
<dependency_failed type='unique_concrete_method' ctxk='java/util/ArrayList' x='java/util/ArrayList add (Ljava/lang/Object;)Z' witness='com/orientechnologies/orient/core/db/record/OTrackedList' stamp='38.645'/>
<dependency_failed type='unique_concrete_method' ctxk='java/util/ArrayList' x='java/util/ArrayList add (Ljava/lang/Object;)Z' witness='com/orientechnologies/orient/core/db/record/OTrackedList' stamp='38.645'/>
<dependency_failed type='unique_concrete_method' ctxk='java/util/ArrayList' x='java/util/ArrayList add (Ljava/lang/Object;)Z' witness='com/orientechnologies/orient/core/db/record/OTrackedList' stamp='38.645'/>
<dependency_failed type='unique_concrete_method' ctxk='java/util/ArrayList' x='java/util/ArrayList add (Ljava/lang/Object;)Z' witness='com/orientechnologies/orient/core/db/record/OTrackedList' stamp='38.645'/>
<dependency_failed type='unique_concrete_method' ctxk='java/util/ArrayList' x='java/util/ArrayList add (Ljava/lang/Object;)Z' witness='com/orientechnologies/orient/core/db/record/OTrackedList' stamp='38.645'/>
<dependency_failed type='unique_concrete_method' ctxk='java/util/ArrayList' x='java/util/ArrayList add (Ljava/lang/Object;)Z' witness='com/orientechnologies/orient/core/db/record/OTrackedList' stamp='38.645'/>
<dependency_failed type='unique_concrete_method' ctxk='java/util/ArrayList' x='java/util/ArrayList add (Ljava/lang/Object;)Z' witness='com/orientechnologies/orient/core/db/record/OTrackedList' stamp='38.645'/>
<dependency_failed type='unique_concrete_method' ctxk='java/util/ArrayList' x='java/util/ArrayList isEmpty ()Z' witness='com/orientechnologies/orient/core/db/record/ORecordLazyList' stamp='38.646'/>
<dependency_failed type='unique_concrete_method' ctxk='java/util/ArrayList' x='java/util/ArrayList iterator ()Ljava/util/Iterator;' witness='com/orientechnologies/orient/core/db/record/ORecordLazyList' stamp='38.646'/>
<dependency_failed type='unique_concrete_method' ctxk='java/util/ArrayList' x='java/util/ArrayList size ()I' witness='com/orientechnologies/orient/core/db/record/ORecordLazyList' stamp='38.646'/>
<dependency_failed type='unique_concrete_method' ctxk='java/util/ArrayList' x='java/util/ArrayList size ()I' witness='com/orientechnologies/orient/core/db/record/ORecordLazyList' stamp='38.647'/>
<dependency_failed type='unique_concrete_method' ctxk='java/util/ArrayList' x='java/util/ArrayList iterator ()Ljava/util/Iterator;' witness='com/orientechnologies/orient/core/db/record/ORecordLazyList' stamp='38.647'/>
<dependency_failed type='unique_concrete_method' ctxk='java/util/ArrayList' x='java/util/ArrayList get (I)Ljava/lang/Object;' witness='com/orientechnologies/orient/core/db/record/ORecordLazyList' stamp='38.647'/>
<dependency_failed type='unique_concrete_method' ctxk='java/util/ArrayList' x='java/util/ArrayList indexOf (Ljava/lang/Object;)I' witness='com/orientechnologies/orient/core/db/record/ORecordLazyList' stamp='38.647'/>
<dependency_failed type='unique_concrete_method' ctxk='java/util/ArrayList' x='java/util/ArrayList indexOf (Ljava/lang/Object;)I' witness='com/orientechnologies/orient/core/db/record/ORecordLazyList' stamp='38.647'/>
<dependency_failed type='unique_concrete_method' ctxk='java/util/ArrayList' x='java/util/ArrayList size ()I' witness='com/orientechnologies/orient/core/db/record/ORecordLazyList' stamp='38.647'/>
<dependency_failed type='unique_concrete_method' ctxk='java/util/ArrayList' x='java/util/ArrayList size ()I' witness='com/orientechnologies/orient/core/db/record/ORecordLazyList' stamp='38.647'/>
<dependency_failed type='unique_concrete_method' ctxk='java/util/ArrayList' x='java/util/ArrayList size ()I' witness='com/orientechnologies/orient/core/db/record/ORecordLazyList' stamp='38.647'/>
<dependency_failed type='unique_concrete_method' ctxk='java/util/ArrayList' x='java/util/ArrayList size ()I' witness='com/orientechnologies/orient/core/db/record/ORecordLazyList' stamp='38.647'/>
<dependency_failed type='unique_concrete_method' ctxk='java/util/ArrayList' x='java/util/ArrayList size ()I' witness='com/orientechnologies/orient/core/db/record/ORecordLazyList' stamp='38.647'/>
<dependency_failed type='unique_concrete_method' ctxk='java/util/ArrayList' x='java/util/ArrayList indexOf (Ljava/lang/Object;)I' witness='com/orientechnologies/orient/core/db/record/ORecordLazyList' stamp='38.647'/>
<dependency_failed type='unique_concrete_method' ctxk='java/util/ArrayList' x='java/util/ArrayList indexOf (Ljava/lang/Object;)I' witness='com/orientechnologies/orient/core/db/record/ORecordLazyList' stamp='38.647'/>
<dependency_failed type='unique_concrete_method' ctxk='java/util/ArrayList' x='java/util/ArrayList get (I)Ljava/lang/Object;' witness='com/orientechnologies/orient/core/db/record/ORecordLazyList' stamp='38.647'/>
<dependency_failed type='unique_concrete_method' ctxk='java/util/ArrayList' x='java/util/ArrayList size ()I' witness='com/orientechnologies/orient/core/db/record/ORecordLazyList' stamp='38.647'/>
<dependency_failed type='unique_concrete_method' ctxk='java/util/ArrayList' x='java/util/ArrayList size ()I' witness='com/orientechnologies/orient/core/db/record/ORecordLazyList' stamp='38.647'/>
<dependency_failed type='unique_concrete_method' ctxk='java/util/ArrayList' x='java/util/ArrayList iterator ()Ljava/util/Iterator;' witness='com/orientechnologies/orient/core/db/record/ORecordLazyList' stamp='38.647'/>
<dependency_failed type='unique_concrete_method' ctxk='java/util/ArrayList' x='java/util/ArrayList size ()I' witness='com/orientechnologies/orient/core/db/record/ORecordLazyList' stamp='38.647'/>
<dependency_failed type='unique_concrete_method' ctxk='java/util/ArrayList' x='java/util/ArrayList size ()I' witness='com/orientechnologies/orient/core/db/record/ORecordLazyList' stamp='38.647'/>
<dependency_failed type='unique_concrete_method' ctxk='java/util/ArrayList' x='java/util/ArrayList size ()I' witness='com/orientechnologies/orient/core/db/record/ORecordLazyList' stamp='38.647'/>
<dependency_failed type='no_finalizable_subclasses' ctxk='java/lang/ref/WeakReference' witness='com/sun/jna/CallbackReference' stamp='38.782'/>
<dependency_failed type='no_finalizable_subclasses' ctxk='java/lang/ref/WeakReference' witness='com/sun/jna/CallbackReference' stamp='38.782'/>
<dependency_failed type='no_finalizable_subclasses' ctxk='java/lang/ref/Reference' witness='com/sun/jna/CallbackReference' stamp='38.782'/>
<dependency_failed type='no_finalizable_subclasses' ctxk='java/lang/ref/Reference' witness='com/sun/jna/CallbackReference' stamp='38.782'/>
<dependency_failed type='leaf_type' ctxk='java/io/BufferedOutputStream' witness='java/lang/UNIXProcess$ProcessPipeOutputStream' stamp='38.816'/>
<dependency_failed type='leaf_type' ctxk='java/io/BufferedOutputStream' witness='java/lang/UNIXProcess$ProcessPipeOutputStream' stamp='38.816'/>
<dependency_failed type='leaf_type' ctxk='java/io/BufferedInputStream' witness='java/lang/UNIXProcess$ProcessPipeInputStream' stamp='38.822'/>
<dependency_failed type='leaf_type' ctxk='java/io/BufferedInputStream' witness='java/lang/UNIXProcess$ProcessPipeInputStream' stamp='38.822'/>
<dependency_failed type='leaf_type' ctxk='java/io/BufferedInputStream' witness='java/lang/UNIXProcess$ProcessPipeInputStream' stamp='38.822'/>
<dependency_failed type='unique_concrete_method' ctxk='java/util/LinkedHashMap' x='java/util/HashMap put (Ljava/lang/Object;Ljava/lang/Object;)Ljava/lang/Object;' witness='com/orientechnologies/orient/core/db/record/OTrackedMap' stamp='38.934'/>
<dependency_failed type='unique_concrete_method' ctxk='java/util/LinkedHashMap' x='java/util/HashMap put (Ljava/lang/Object;Ljava/lang/Object;)Ljava/lang/Object;' witness='com/orientechnologies/orient/core/db/record/OTrackedMap' stamp='38.934'/>
<dependency_failed type='unique_concrete_method' ctxk='java/util/LinkedHashMap' x='java/util/HashMap put (Ljava/lang/Object;Ljava/lang/Object;)Ljava/lang/Object;' witness='com/orientechnologies/orient/core/db/record/OTrackedMap' stamp='38.934'/>
<dependency_failed type='unique_concrete_method' ctxk='java/util/LinkedHashMap' x='java/util/HashMap put (Ljava/lang/Object;Ljava/lang/Object;)Ljava/lang/Object;' witness='com/orientechnologies/orient/core/db/record/OTrackedMap' stamp='38.934'/>
<dependency_failed type='unique_concrete_method' ctxk='java/util/LinkedHashMap' x='java/util/HashMap put (Ljava/lang/Object;Ljava/lang/Object;)Ljava/lang/Object;' witness='com/orientechnologies/orient/core/db/record/OTrackedMap' stamp='38.934'/>
<dependency_failed type='unique_concrete_method' ctxk='javax/management/Descriptor' x='javax/management/ImmutableDescriptor getFieldNames ()[Ljava/lang/String;' witness='javax/management/Descriptor' stamp='38.950'/>
<dependency_failed type='unique_concrete_method' ctxk='javax/management/Descriptor' x='javax/management/ImmutableDescriptor getFieldNames ()[Ljava/lang/String;' witness='javax/management/Descriptor' stamp='38.950'/>
<writer thread='140010305652480'/>
<dependency_failed type='abstract_with_unique_concrete_subtype' ctxk='java/util/concurrent/ConcurrentSkipListMap$Iter' x='java/util/concurrent/ConcurrentSkipListMap$EntryIterator' witness='java/util/concurrent/ConcurrentSkipListMap$KeyIterator' stamp='39.111'/>
<dependency_failed type='abstract_with_unique_concrete_subtype' ctxk='java/util/concurrent/ConcurrentSkipListMap$Iter' x='java/util/concurrent/ConcurrentSkipListMap$EntryIterator' witness='java/util/concurrent/ConcurrentSkipListMap$KeyIterator' stamp='39.111'/>
<dependency_failed type='abstract_with_unique_concrete_subtype' ctxk='java/util/concurrent/ConcurrentSkipListMap$Iter' x='java/util/concurrent/ConcurrentSkipListMap$EntryIterator' witness='java/util/concurrent/ConcurrentSkipListMap$KeyIterator' stamp='39.111'/>
<writer thread='140012369598208'/>
<dependency_failed type='unique_concrete_method' ctxk='com/orientechnologies/orient/core/serialization/ODocumentSerializable' x='com/orientechnologies/orient/core/metadata/schema/OGlobalPropertyImpl toDocument ()Lcom/orientechnologies/orient/core/record/impl/ODocument;' witness='com/orientechnologies/orient/core/serialization/ODocumentSerializable' stamp='39.683'/>
<dependency_failed type='leaf_type' ctxk='com/google/common/collect/ImmutableMap$Builder' witness='com/google/common/collect/ImmutableBiMap$Builder' stamp='44.149'/>
<dependency_failed type='leaf_type' ctxk='com/google/common/collect/ImmutableMap$Builder' witness='com/google/common/collect/ImmutableBiMap$Builder' stamp='44.149'/>
<dependency_failed type='leaf_type' ctxk='com/google/common/collect/ImmutableMapEntry$NonTerminalImmutableMapEntry' witness='com/google/common/collect/ImmutableMapEntry$NonTerminalImmutableBiMapEntry' stamp='44.152'/>
<dependency_failed type='unique_concrete_method' ctxk='java/util/stream/AbstractPipeline' x='java/util/stream/AbstractPipeline opEvaluateParallel (Ljava/util/stream/PipelineHelper;Ljava/util/Spliterator;Ljava/util/function/IntFunction;)Ljava/util/stream/Node;' witness='java/util/stream/SortedOps$OfRef' stamp='44.270'/>
<dependency_failed type='unique_concrete_method' ctxk='java/util/stream/AbstractPipeline' x='java/util/stream/AbstractPipeline opEvaluateParallel (Ljava/util/stream/PipelineHelper;Ljava/util/Spliterator;Ljava/util/function/IntFunction;)Ljava/util/stream/Node;' witness='java/util/stream/SortedOps$OfRef' stamp='44.270'/>
<dependency_failed type='leaf_type' ctxk='com/orientechnologies/orient/core/db/document/ODatabaseDocumentTx' witness='com/orientechnologies/orient/core/db/OPartitionedDatabasePool$DatabaseDocumentTxPooled' stamp='44.409'/>
<dependency_failed type='leaf_type' ctxk='com/orientechnologies/orient/core/db/document/ODatabaseDocumentTx' witness='com/orientechnologies/orient/core/db/OPartitionedDatabasePool$DatabaseDocumentTxPooled' stamp='44.409'/>
<dependency_failed type='leaf_type' ctxk='com/orientechnologies/orient/core/db/document/ODatabaseDocumentTx' witness='com/orientechnologies/orient/core/db/OPartitionedDatabasePool$DatabaseDocumentTxPooled' stamp='44.409'/>
<dependency_failed type='leaf_type' ctxk='com/orientechnologies/orient/core/db/document/ODatabaseDocumentTx' witness='com/orientechnologies/orient/core/db/OPartitionedDatabasePool$DatabaseDocumentTxPooled' stamp='44.409'/>
<dependency_failed type='leaf_type' ctxk='com/orientechnologies/orient/core/db/document/ODatabaseDocumentTx' witness='com/orientechnologies/orient/core/db/OPartitionedDatabasePool$DatabaseDocumentTxPooled' stamp='44.409'/>
<dependency_failed type='leaf_type' ctxk='com/orientechnologies/orient/core/db/document/ODatabaseDocumentTx' witness='com/orientechnologies/orient/core/db/OPartitionedDatabasePool$DatabaseDocumentTxPooled' stamp='44.409'/>
<dependency_failed type='leaf_type' ctxk='com/orientechnologies/orient/core/db/document/ODatabaseDocumentTx' witness='com/orientechnologies/orient/core/db/OPartitionedDatabasePool$DatabaseDocumentTxPooled' stamp='44.409'/>
<dependency_failed type='leaf_type' ctxk='com/orientechnologies/orient/core/db/document/ODatabaseDocumentTx' witness='com/orientechnologies/orient/core/db/OPartitionedDatabasePool$DatabaseDocumentTxPooled' stamp='44.409'/>
<dependency_failed type='leaf_type' ctxk='com/orientechnologies/orient/core/db/document/ODatabaseDocumentTx' witness='com/orientechnologies/orient/core/db/OPartitionedDatabasePool$DatabaseDocumentTxPooled' stamp='44.409'/>
<dependency_failed type='leaf_type' ctxk='com/orientechnologies/orient/core/db/document/ODatabaseDocumentTx' witness='com/orientechnologies/orient/core/db/OPartitionedDatabasePool$DatabaseDocumentTxPooled' stamp='44.409'/>
<dependency_failed type='leaf_type' ctxk='com/orientechnologies/orient/core/db/document/ODatabaseDocumentTx' witness='com/orientechnologies/orient/core/db/OPartitionedDatabasePool$DatabaseDocumentTxPooled' stamp='44.409'/>
<dependency_failed type='leaf_type' ctxk='com/orientechnologies/orient/core/db/document/ODatabaseDocumentTx' witness='com/orientechnologies/orient/core/db/OPartitionedDatabasePool$DatabaseDocumentTxPooled' stamp='44.409'/>
<dependency_failed type='leaf_type' ctxk='com/orientechnologies/orient/core/db/document/ODatabaseDocumentTx' witness='com/orientechnologies/orient/core/db/OPartitionedDatabasePool$DatabaseDocumentTxPooled' stamp='44.409'/>
<dependency_failed type='leaf_type' ctxk='com/orientechnologies/orient/core/db/document/ODatabaseDocumentTx' witness='com/orientechnologies/orient/core/db/OPartitionedDatabasePool$DatabaseDocumentTxPooled' stamp='44.409'/>
<dependency_failed type='leaf_type' ctxk='com/orientechnologies/orient/core/db/document/ODatabaseDocumentTx' witness='com/orientechnologies/orient/core/db/OPartitionedDatabasePool$DatabaseDocumentTxPooled' stamp='44.409'/>
<dependency_failed type='leaf_type' ctxk='com/orientechnologies/orient/core/db/document/ODatabaseDocumentTx' witness='com/orientechnologies/orient/core/db/OPartitionedDatabasePool$DatabaseDocumentTxPooled' stamp='44.409'/>
<dependency_failed type='leaf_type' ctxk='com/orientechnologies/orient/core/db/document/ODatabaseDocumentTx' witness='com/orientechnologies/orient/core/db/OPartitionedDatabasePool$DatabaseDocumentTxPooled' stamp='44.409'/>
<dependency_failed type='leaf_type' ctxk='com/orientechnologies/orient/core/db/document/ODatabaseDocumentTx' witness='com/orientechnologies/orient/core/db/OPartitionedDatabasePool$DatabaseDocumentTxPooled' stamp='44.409'/>
<dependency_failed type='leaf_type' ctxk='com/orientechnologies/orient/core/db/document/ODatabaseDocumentTx' witness='com/orientechnologies/orient/core/db/OPartitionedDatabasePool$DatabaseDocumentTxPooled' stamp='44.409'/>
<dependency_failed type='leaf_type' ctxk='com/orientechnologies/orient/core/db/document/ODatabaseDocumentTx' witness='com/orientechnologies/orient/core/db/OPartitionedDatabasePool$DatabaseDocumentTxPooled' stamp='44.409'/>
<dependency_failed type='leaf_type' ctxk='com/orientechnologies/orient/core/db/document/ODatabaseDocumentTx' witness='com/orientechnologies/orient/core/db/OPartitionedDatabasePool$DatabaseDocumentTxPooled' stamp='44.409'/>
<dependency_failed type='unique_concrete_method' ctxk='com/orientechnologies/orient/core/db/record/OMultiValueChangeListener' x='com/orientechnologies/orient/core/record/impl/OSimpleMultiValueChangeListener onAfterRecordChanged (Lcom/orientechnologies/orient/core/db/record/OMultiValueChangeEvent;)V' witness='com/orientechnologies/orient/core/db/record/OMultiValueChangeListener' stamp='48.086'/>
<dependency_failed type='unique_concrete_method' ctxk='com/orientechnologies/orient/core/db/record/OMultiValueChangeListener' x='com/orientechnologies/orient/core/record/impl/OSimpleMultiValueChangeListener onAfterRecordChanged (Lcom/orientechnologies/orient/core/db/record/OMultiValueChangeEvent;)V' witness='com/orientechnologies/orient/core/db/record/OMultiValueChangeListener' stamp='48.086'/>
<dependency_failed type='leaf_type' ctxk='com/orientechnologies/orient/core/db/record/OMultiValueChangeEvent' witness='com/orientechnologies/orient/core/record/impl/ONestedMultiValueChangeEvent' stamp='48.087'/>
<dependency_failed type='abstract_with_unique_concrete_subtype' ctxk='com/google/common/collect/TransformedIterator' x='com/google/common/collect/Maps$2' witness='com/google/common/collect/Iterators$6' stamp='50.085'/>
<dependency_failed type='leaf_type' ctxk='com/sun/org/apache/xerces/internal/impl/xs/identity/IdentityConstraint' witness='com/sun/org/apache/xerces/internal/impl/xs/identity/UniqueOrKey' stamp='50.533'/>
<dependency_failed type='leaf_type' ctxk='com/sun/org/apache/xerces/internal/impl/xs/identity/IdentityConstraint' witness='com/sun/org/apache/xerces/internal/impl/xs/identity/UniqueOrKey' stamp='50.533'/>
<dependency_failed type='leaf_type' ctxk='com/sun/org/apache/xerces/internal/impl/xs/identity/XPathMatcher' witness='com/sun/org/apache/xerces/internal/impl/xs/identity/Selector$Matcher' stamp='50.548'/>
<dependency_failed type='leaf_type' ctxk='javax/xml/bind/JAXBElement' witness='org/ehcache/xml/model/Offheap' stamp='50.554'/>
<dependency_failed type='unique_concrete_method' ctxk='java/io/Reader' x='java/io/Reader read ([C)I' witness='com/fasterxml/jackson/dataformat/yaml/UTF8Reader' stamp='51.111'/>
<dependency_failed type='unique_concrete_method' ctxk='java/io/Reader' x='java/io/Reader read ([C)I' witness='com/fasterxml/jackson/dataformat/yaml/UTF8Reader' stamp='51.111'/>
<dependency_failed type='leaf_type' ctxk='java/util/AbstractMap$SimpleImmutableEntry' witness='com/google/common/cache/RemovalNotification' stamp='52.022'/>
<dependency_failed type='unique_concrete_method' ctxk='org/elasticsearch/common/inject/AbstractProcessor' x='org/elasticsearch/common/inject/AbstractProcessor visit (Lorg/elasticsearch/common/inject/spi/ProviderLookup;)Ljava/lang/Boolean;' witness='org/elasticsearch/common/inject/LookupProcessor' stamp='52.181'/>
<dependency_failed type='unique_concrete_method' ctxk='org/elasticsearch/common/inject/spi/ElementVisitor' x='org/elasticsearch/common/inject/AbstractProcessor visit (Lorg/elasticsearch/common/inject/spi/ProviderLookup;)Ljava/lang/Object;' witness='org/elasticsearch/common/inject/LookupProcessor' stamp='52.181'/>
<dependency_failed type='unique_concrete_method' ctxk='com/google/common/cache/Weigher' x='com/google/common/cache/CacheBuilder$OneWeigher weigh (Ljava/lang/Object;Ljava/lang/Object;)I' witness='com/google/common/cache/Weigher' stamp='52.483'/>
<dependency_failed type='unique_concrete_method' ctxk='org/hibernate/validator/internal/metadata/aggregated/CascadingMetaData' x='org/hibernate/validator/internal/metadata/aggregated/NonContainerCascadingMetaData isMarkedForCascadingOnAnnotatedObjectOrContainerElements ()Z' witness='org/hibernate/validator/internal/metadata/aggregated/CascadingMetaData' stamp='52.744'/>
<dependency_failed type='unique_concrete_method' ctxk='org/hibernate/validator/internal/metadata/aggregated/CascadingMetaData' x='org/hibernate/validator/internal/metadata/aggregated/NonContainerCascadingMetaData isMarkedForCascadingOnAnnotatedObjectOrContainerElements ()Z' witness='org/hibernate/validator/internal/metadata/aggregated/CascadingMetaData' stamp='52.744'/>
<dependency_failed type='unique_concrete_method' ctxk='org/hibernate/validator/internal/metadata/aggregated/CascadingMetaData' x='org/hibernate/validator/internal/metadata/aggregated/NonContainerCascadingMetaData isMarkedForCascadingOnAnnotatedObjectOrContainerElements ()Z' witness='org/hibernate/validator/internal/metadata/aggregated/CascadingMetaData' stamp='52.744'/>
<dependency_failed type='unique_concrete_method' ctxk='org/elasticsearch/common/bytes/BytesReference' x='org/elasticsearch/common/bytes/BytesArray length ()I' witness='org/elasticsearch/common/bytes/BytesReference' stamp='53.186'/>
<dependency_failed type='unique_concrete_method' ctxk='org/elasticsearch/common/bytes/BytesReference' x='org/elasticsearch/common/bytes/BytesArray length ()I' witness='org/elasticsearch/common/bytes/BytesReference' stamp='53.186'/>
<dependency_failed type='unique_concrete_method' ctxk='org/elasticsearch/common/bytes/BytesReference' x='org/elasticsearch/common/bytes/BytesArray hasArray ()Z' witness='org/elasticsearch/common/bytes/BytesReference' stamp='53.186'/>
<writer thread='140010057565952'/>
<dependency_failed type='leaf_type' ctxk='java/io/FileNotFoundException' witness='org/apache/lucene/index/IndexNotFoundException' stamp='53.431'/>
<writer thread='140012369598208'/>
<dependency_failed type='leaf_type' ctxk='java/io/File' witness='de/schlichtherle/truezip/file/TFile' stamp='54.308'/>
<dependency_failed type='leaf_type' ctxk='java/io/File' witness='de/schlichtherle/truezip/file/TFile' stamp='54.308'/>
<dependency_failed type='leaf_type' ctxk='java/io/File' witness='de/schlichtherle/truezip/file/TFile' stamp='54.308'/>
<dependency_failed type='leaf_type' ctxk='java/io/File' witness='de/schlichtherle/truezip/file/TFile' stamp='54.308'/>
<dependency_failed type='leaf_type' ctxk='java/io/File' witness='de/schlichtherle/truezip/file/TFile' stamp='54.308'/>
<dependency_failed type='leaf_type' ctxk='java/io/File' witness='de/schlichtherle/truezip/file/TFile' stamp='54.308'/>
<dependency_failed type='leaf_type' ctxk='java/io/File' witness='de/schlichtherle/truezip/file/TFile' stamp='54.308'/>
<dependency_failed type='leaf_type' ctxk='java/io/File' witness='de/schlichtherle/truezip/file/TFile' stamp='54.308'/>
<dependency_failed type='leaf_type' ctxk='java/io/File' witness='de/schlichtherle/truezip/file/TFile' stamp='54.308'/>
<dependency_failed type='leaf_type' ctxk='java/io/File' witness='de/schlichtherle/truezip/file/TFile' stamp='54.309'/>
<dependency_failed type='leaf_type' ctxk='java/io/File' witness='de/schlichtherle/truezip/file/TFile' stamp='54.309'/>
<dependency_failed type='leaf_type' ctxk='java/io/File' witness='de/schlichtherle/truezip/file/TFile' stamp='54.309'/>
<dependency_failed type='leaf_type' ctxk='java/io/File' witness='de/schlichtherle/truezip/file/TFile' stamp='54.309'/>
<dependency_failed type='leaf_type' ctxk='java/io/File' witness='de/schlichtherle/truezip/file/TFile' stamp='54.309'/>
<dependency_failed type='leaf_type' ctxk='java/io/File' witness='de/schlichtherle/truezip/file/TFile' stamp='54.309'/>
<dependency_failed type='unique_concrete_method' ctxk='java/io/File' x='java/io/File getAbsolutePath ()Ljava/lang/String;' witness='de/schlichtherle/truezip/file/TFile' stamp='54.309'/>
<dependency_failed type='leaf_type' ctxk='java/io/File' witness='de/schlichtherle/truezip/file/TFile' stamp='54.309'/>
<dependency_failed type='leaf_type' ctxk='java/io/File' witness='de/schlichtherle/truezip/file/TFile' stamp='54.309'/>
<dependency_failed type='leaf_type' ctxk='java/io/File' witness='de/schlichtherle/truezip/file/TFile' stamp='54.309'/>
<dependency_failed type='leaf_type' ctxk='java/io/File' witness='de/schlichtherle/truezip/file/TFile' stamp='54.309'/>
<dependency_failed type='leaf_type' ctxk='java/io/File' witness='de/schlichtherle/truezip/file/TFile' stamp='54.309'/>
<dependency_failed type='leaf_type' ctxk='java/io/File' witness='de/schlichtherle/truezip/file/TFile' stamp='54.309'/>
<dependency_failed type='leaf_type' ctxk='java/io/File' witness='de/schlichtherle/truezip/file/TFile' stamp='54.309'/>
<dependency_failed type='leaf_type' ctxk='java/io/File' witness='de/schlichtherle/truezip/file/TFile' stamp='54.309'/>
<dependency_failed type='leaf_type' ctxk='java/io/File' witness='de/schlichtherle/truezip/file/TFile' stamp='54.309'/>
<dependency_failed type='leaf_type' ctxk='java/io/File' witness='de/schlichtherle/truezip/file/TFile' stamp='54.309'/>
<dependency_failed type='leaf_type' ctxk='java/io/File' witness='de/schlichtherle/truezip/file/TFile' stamp='54.309'/>
<dependency_failed type='leaf_type' ctxk='java/io/File' witness='de/schlichtherle/truezip/file/TFile' stamp='54.309'/>
<dependency_failed type='leaf_type' ctxk='java/io/File' witness='de/schlichtherle/truezip/file/TFile' stamp='54.309'/>
<dependency_failed type='leaf_type' ctxk='java/io/File' witness='de/schlichtherle/truezip/file/TFile' stamp='54.309'/>
<dependency_failed type='leaf_type' ctxk='java/io/File' witness='de/schlichtherle/truezip/file/TFile' stamp='54.309'/>
<dependency_failed type='unique_concrete_method' ctxk='org/aopalliance/intercept/MethodInvocation' x='com/google/inject/internal/InterceptorStackCallback$InterceptedMethodInvocation getMethod ()Ljava/lang/reflect/Method;' witness='org/aopalliance/intercept/MethodInvocation' stamp='54.332'/>
<dependency_failed type='unique_concrete_method' ctxk='com/google/common/collect/Maps$ViewCachingAbstractMap' x='com/google/common/collect/Maps$ViewCachingAbstractMap createValues ()Ljava/util/Collection;' witness='com/google/common/collect/Maps$AbstractFilteredMap' stamp='54.380'/>
<writer thread='140010078553856'/>
<dependency_failed type='unique_concrete_method' ctxk='com/google/common/util/concurrent/AbstractFuture' x='com/google/common/util/concurrent/AbstractFuture afterDone ()V' witness='com/google/common/util/concurrent/AbstractTransformFuture' stamp='69.056'/>
<dependency_failed type='abstract_with_unique_concrete_subtype' ctxk='com/google/common/util/concurrent/AbstractFuture' x='com/google/common/util/concurrent/SettableFuture' witness='com/google/common/util/concurrent/AbstractTransformFuture$AsyncTransformFuture' stamp='69.059'/>
<dependency_failed type='abstract_with_unique_concrete_subtype' ctxk='com/google/common/util/concurrent/AbstractFuture' x='com/google/common/util/concurrent/SettableFuture' witness='com/google/common/util/concurrent/AbstractTransformFuture$AsyncTransformFuture' stamp='69.059'/>
<dependency_failed type='abstract_with_unique_concrete_subtype' ctxk='com/google/common