2020-06-24 14:57:52,152+0000 INFO  [FelixStartLevel]  *SYSTEM org.sonatype.nexus.pax.logging.NexusLogActivator - start
2020-06-24 14:57:53,234+0000 INFO  [FelixStartLevel]  *SYSTEM org.sonatype.nexus.features.internal.FeaturesWrapper - Fast FeaturesService starting
2020-06-24 14:57:55,562+0000 WARN  [FelixStartLevel]  *SYSTEM uk.org.lidalia.sysoutslf4j.context.SysOutOverSLF4JInitialiser - Your logging framework class org.ops4j.pax.logging.slf4j.Slf4jLogger is not known - if it needs access to the standard println methods on the console you will need to register it by calling registerLoggingSystemPackage
2020-06-24 14:57:55,566+0000 INFO  [FelixStartLevel]  *SYSTEM uk.org.lidalia.sysoutslf4j.context.SysOutOverSLF4J - Package org.ops4j.pax.logging.slf4j registered; all classes within it or subpackages of it will be allowed to print to System.out and System.err
2020-06-24 14:57:55,577+0000 INFO  [FelixStartLevel]  *SYSTEM uk.org.lidalia.sysoutslf4j.context.SysOutOverSLF4J - Replaced standard System.out and System.err PrintStreams with SLF4JPrintStreams
2020-06-24 14:57:55,581+0000 INFO  [FelixStartLevel]  *SYSTEM uk.org.lidalia.sysoutslf4j.context.SysOutOverSLF4J - Redirected System.out and System.err to SLF4J for this context
2020-06-24 14:57:55,598+0000 INFO  [FelixStartLevel]  *SYSTEM org.sonatype.nexus.bootstrap.ConfigurationBuilder - Properties:
2020-06-24 14:57:55,600+0000 INFO  [FelixStartLevel]  *SYSTEM org.sonatype.nexus.bootstrap.ConfigurationBuilder -   application-host='0.0.0.0'
2020-06-24 14:57:55,602+0000 INFO  [FelixStartLevel]  *SYSTEM org.sonatype.nexus.bootstrap.ConfigurationBuilder -   application-port='8081'
2020-06-24 14:57:55,603+0000 INFO  [FelixStartLevel]  *SYSTEM org.sonatype.nexus.bootstrap.ConfigurationBuilder -   fabric.etc='/opt/sonatype/nexus/etc/fabric'
2020-06-24 14:57:55,604+0000 INFO  [FelixStartLevel]  *SYSTEM org.sonatype.nexus.bootstrap.ConfigurationBuilder -   jetty.etc='/opt/sonatype/nexus/etc/jetty'
2020-06-24 14:57:55,606+0000 INFO  [FelixStartLevel]  *SYSTEM org.sonatype.nexus.bootstrap.ConfigurationBuilder -   karaf.base='/opt/sonatype/nexus'
2020-06-24 14:57:55,607+0000 INFO  [FelixStartLevel]  *SYSTEM org.sonatype.nexus.bootstrap.ConfigurationBuilder -   karaf.data='/nexus-data'
2020-06-24 14:57:55,608+0000 INFO  [FelixStartLevel]  *SYSTEM org.sonatype.nexus.bootstrap.ConfigurationBuilder -   karaf.etc='/opt/sonatype/nexus/etc/karaf'
2020-06-24 14:57:55,609+0000 INFO  [FelixStartLevel]  *SYSTEM org.sonatype.nexus.bootstrap.ConfigurationBuilder -   karaf.home='/opt/sonatype/nexus'
2020-06-24 14:57:55,610+0000 INFO  [FelixStartLevel]  *SYSTEM org.sonatype.nexus.bootstrap.ConfigurationBuilder -   karaf.instances='/nexus-data/instances'
2020-06-24 14:57:55,611+0000 INFO  [FelixStartLevel]  *SYSTEM org.sonatype.nexus.bootstrap.ConfigurationBuilder -   logback.etc='/opt/sonatype/nexus/etc/logback'
2020-06-24 14:57:55,612+0000 INFO  [FelixStartLevel]  *SYSTEM org.sonatype.nexus.bootstrap.ConfigurationBuilder -   nexus-args='/opt/sonatype/nexus/etc/jetty/jetty.xml,/opt/sonatype/nexus/etc/jetty/jetty-http.xml,/opt/sonatype/nexus/etc/jetty/jetty-requestlog.xml'
2020-06-24 14:57:55,613+0000 INFO  [FelixStartLevel]  *SYSTEM org.sonatype.nexus.bootstrap.ConfigurationBuilder -   nexus-context-path='/'
2020-06-24 14:57:55,614+0000 INFO  [FelixStartLevel]  *SYSTEM org.sonatype.nexus.bootstrap.ConfigurationBuilder -   nexus-edition='nexus-pro-edition'
2020-06-24 14:57:55,615+0000 INFO  [FelixStartLevel]  *SYSTEM org.sonatype.nexus.bootstrap.ConfigurationBuilder -   nexus-features='nexus-pro-feature'
2020-06-24 14:57:55,616+0000 INFO  [FelixStartLevel]  *SYSTEM org.sonatype.nexus.bootstrap.ConfigurationBuilder -   nexus.clustered='false'
2020-06-24 14:57:55,617+0000 INFO  [FelixStartLevel]  *SYSTEM org.sonatype.nexus.bootstrap.ConfigurationBuilder -   ssl.etc='/opt/sonatype/nexus/etc/ssl'
2020-06-24 14:57:55,618+0000 INFO  [FelixStartLevel]  *SYSTEM org.sonatype.nexus.bootstrap.Launcher - Java: 1.8.0_242, OpenJDK 64-Bit Server VM, Oracle Corporation, 25.242-b08
2020-06-24 14:57:55,619+0000 INFO  [FelixStartLevel]  *SYSTEM org.sonatype.nexus.bootstrap.Launcher - OS: Linux, 4.4.27-moby, amd64
2020-06-24 14:57:55,620+0000 INFO  [FelixStartLevel]  *SYSTEM org.sonatype.nexus.bootstrap.Launcher - User: nexus, en, /opt/sonatype/nexus
2020-06-24 14:57:55,621+0000 INFO  [FelixStartLevel]  *SYSTEM org.sonatype.nexus.bootstrap.Launcher - CWD: /opt/sonatype/nexus
2020-06-24 14:57:55,629+0000 INFO  [FelixStartLevel]  *SYSTEM org.sonatype.nexus.bootstrap.Launcher - TMP: /nexus-data/tmp
2020-06-24 14:57:55,633+0000 INFO  [FelixStartLevel]  *SYSTEM org.sonatype.nexus.bootstrap.jetty.JettyServer - Starting
2020-06-24 14:57:55,649+0000 INFO  [FelixStartLevel]  *SYSTEM org.eclipse.jetty.util.log - Logging initialized @8336ms to org.eclipse.jetty.util.log.Slf4jLog
2020-06-24 14:57:55,662+0000 INFO  [FelixStartLevel]  *SYSTEM org.sonatype.nexus.bootstrap.jetty.JettyServer - Applying configuration: file:/opt/sonatype/nexus/etc/jetty/jetty.xml
2020-06-24 14:57:55,988+0000 INFO  [FelixStartLevel]  *SYSTEM org.sonatype.nexus.bootstrap.jetty.JettyServer - Applying configuration: file:/opt/sonatype/nexus/etc/jetty/jetty-http.xml
2020-06-24 14:57:56,038+0000 WARN  [FelixStartLevel]  *SYSTEM org.eclipse.jetty.server.AbstractConnector - Ignoring deprecated socket close linger time
2020-06-24 14:57:56,041+0000 INFO  [FelixStartLevel]  *SYSTEM org.sonatype.nexus.bootstrap.jetty.JettyServer - Applying configuration: file:/opt/sonatype/nexus/etc/jetty/jetty-requestlog.xml
2020-06-24 14:57:56,091+0000 INFO  [jetty-main-1]  *SYSTEM org.sonatype.nexus.bootstrap.jetty.JettyServer - Starting: Server@1c546643{STOPPED}[9.4.18.v20190429]
2020-06-24 14:57:56,099+0000 INFO  [jetty-main-1]  *SYSTEM org.eclipse.jetty.server.Server - jetty-9.4.18.v20190429; built: 2019-04-29T20:42:08.989Z; git: e1bc35120a6617ee3df052294e433f3a25ce7097; jvm 1.8.0_242-b08
2020-06-24 14:57:56,188+0000 INFO  [jetty-main-1]  *SYSTEM org.eclipse.jetty.server.session - DefaultSessionIdManager workerName=node0
2020-06-24 14:57:56,189+0000 INFO  [jetty-main-1]  *SYSTEM org.eclipse.jetty.server.session - No SessionScavenger set, using defaults
2020-06-24 14:57:56,191+0000 INFO  [jetty-main-1]  *SYSTEM org.eclipse.jetty.server.session - node0 Scavenging every 600000ms
2020-06-24 14:57:56,200+0000 INFO  [jetty-main-1]  *SYSTEM org.sonatype.nexus.bootstrap.osgi.BootstrapListener - Initializing
2020-06-24 14:57:56,206+0000 INFO  [jetty-main-1]  *SYSTEM org.sonatype.nexus.bootstrap.osgi.BootstrapListener - Loading OSS Edition
2020-06-24 14:57:56,209+0000 INFO  [jetty-main-1]  *SYSTEM org.sonatype.nexus.bootstrap.osgi.BootstrapListener - Installing: nexus-oss-edition/3.21.1.01 (nexus-orient/3.21.1.01)
2020-06-24 14:58:03,963+0000 INFO  [jetty-main-1]  *SYSTEM org.sonatype.nexus.bootstrap.osgi.BootstrapListener - Installed: nexus-oss-edition/3.21.1.01 (nexus-orient/3.21.1.01)
2020-06-24 14:58:04,695+0000 INFO  [jetty-main-1]  *SYSTEM org.apache.shiro.nexus.NexusWebSessionManager - Global session timeout: 1800000 ms
2020-06-24 14:58:04,698+0000 INFO  [jetty-main-1]  *SYSTEM org.apache.shiro.nexus.NexusWebSessionManager - Session-cookie prototype: name=NXSESSIONID
2020-06-24 14:58:04,775+0000 INFO  [jetty-main-1]  *SYSTEM org.sonatype.nexus.extender.NexusBundleTracker - ACTIVATING org.sonatype.nexus.common [90]
2020-06-24 14:58:04,907+0000 INFO  [jetty-main-1]  *SYSTEM org.hibernate.validator.internal.util.Version - HV000001: Hibernate Validator 6.1.0.Final
2020-06-24 14:58:05,186+0000 INFO  [jetty-main-1]  *SYSTEM org.sonatype.nexus.extender.NexusBundleTracker - ACTIVATED org.sonatype.nexus.common [90]
2020-06-24 14:58:05,193+0000 INFO  [jetty-main-1]  *SYSTEM org.sonatype.nexus.extender.NexusBundleTracker - ACTIVATING org.apache.tika.core [112]
2020-06-24 14:58:05,250+0000 INFO  [jetty-main-1]  *SYSTEM org.sonatype.nexus.extender.NexusBundleTracker - ACTIVATED org.apache.tika.core [112]
2020-06-24 14:58:05,253+0000 INFO  [jetty-main-1]  *SYSTEM org.sonatype.nexus.extender.NexusBundleTracker - ACTIVATING org.hibernate.validator [135]
2020-06-24 14:58:05,315+0000 INFO  [jetty-main-1]  *SYSTEM org.sonatype.nexus.extender.NexusBundleTracker - ACTIVATED org.hibernate.validator [135]
2020-06-24 14:58:05,319+0000 INFO  [jetty-main-1]  *SYSTEM org.sonatype.nexus.extender.NexusBundleTracker - ACTIVATING org.sonatype.nexus.cache [116]
2020-06-24 14:58:05,395+0000 INFO  [jetty-main-1]  *SYSTEM org.sonatype.nexus.extender.NexusBundleTracker - ACTIVATED org.sonatype.nexus.cache [116]
2020-06-24 14:58:05,396+0000 INFO  [jetty-main-1]  *SYSTEM org.sonatype.nexus.extender.NexusBundleTracker - ACTIVATING org.sonatype.nexus.crypto [119]
2020-06-24 14:58:05,529+0000 INFO  [jetty-main-1]  *SYSTEM org.sonatype.nexus.extender.NexusBundleTracker - ACTIVATED org.sonatype.nexus.crypto [119]
2020-06-24 14:58:05,531+0000 INFO  [jetty-main-1]  *SYSTEM org.sonatype.nexus.extender.NexusBundleTracker - ACTIVATING org.sonatype.nexus.security [113]
2020-06-24 14:58:06,136+0000 INFO  [jetty-main-1]  *SYSTEM org.sonatype.nexus.extender.NexusBundleTracker - ACTIVATED org.sonatype.nexus.security [113]
2020-06-24 14:58:06,142+0000 INFO  [jetty-main-1]  *SYSTEM org.sonatype.nexus.extender.NexusBundleTracker - ACTIVATING org.sonatype.nexus.jmx [115]
2020-06-24 14:58:06,187+0000 INFO  [jetty-main-1]  *SYSTEM org.sonatype.nexus.extender.NexusBundleTracker - ACTIVATED org.sonatype.nexus.jmx [115]
2020-06-24 14:58:06,191+0000 INFO  [jetty-main-1]  *SYSTEM org.sonatype.nexus.extender.NexusBundleTracker - ACTIVATING org.sonatype.nexus.scheduling [155]
2020-06-24 14:58:06,264+0000 INFO  [jetty-main-1]  *SYSTEM org.sonatype.nexus.extender.NexusBundleTracker - ACTIVATED org.sonatype.nexus.scheduling [155]
2020-06-24 14:58:06,265+0000 INFO  [jetty-main-1]  *SYSTEM org.sonatype.nexus.extender.NexusBundleTracker - ACTIVATING org.sonatype.nexus.blobstore [146]
2020-06-24 14:58:06,343+0000 INFO  [jetty-main-1]  *SYSTEM org.sonatype.nexus.extender.NexusBundleTracker - ACTIVATED org.sonatype.nexus.blobstore [146]
2020-06-24 14:58:06,345+0000 INFO  [jetty-main-1]  *SYSTEM org.sonatype.nexus.extender.NexusBundleTracker - ACTIVATING org.sonatype.nexus.blobstore-file [144]
2020-06-24 14:58:06,455+0000 INFO  [jetty-main-1]  *SYSTEM org.sonatype.nexus.extender.NexusBundleTracker - ACTIVATED org.sonatype.nexus.blobstore-file [144]
2020-06-24 14:58:06,457+0000 INFO  [jetty-main-1]  *SYSTEM org.sonatype.nexus.extender.NexusBundleTracker - ACTIVATING org.sonatype.nexus.capability [148]
2020-06-24 14:58:06,497+0000 INFO  [jetty-main-1]  *SYSTEM org.sonatype.nexus.extender.NexusBundleTracker - ACTIVATED org.sonatype.nexus.capability [148]
2020-06-24 14:58:06,498+0000 INFO  [jetty-main-1]  *SYSTEM org.sonatype.nexus.extender.NexusBundleTracker - ACTIVATING org.sonatype.nexus.commands [149]
2020-06-24 14:58:06,533+0000 INFO  [jetty-main-1]  *SYSTEM org.sonatype.nexus.extender.NexusBundleTracker - ACTIVATED org.sonatype.nexus.commands [149]
2020-06-24 14:58:06,535+0000 INFO  [jetty-main-1]  *SYSTEM org.sonatype.nexus.extender.NexusBundleTracker - ACTIVATING org.sonatype.nexus.email [150]
2020-06-24 14:58:06,581+0000 INFO  [jetty-main-1]  *SYSTEM org.sonatype.nexus.extender.NexusBundleTracker - ACTIVATED org.sonatype.nexus.email [150]
2020-06-24 14:58:06,584+0000 INFO  [jetty-main-1]  *SYSTEM org.sonatype.nexus.extender.NexusBundleTracker - ACTIVATING org.sonatype.nexus.httpclient [153]
2020-06-24 14:58:06,637+0000 INFO  [jetty-main-1]  *SYSTEM org.sonatype.nexus.extender.NexusBundleTracker - ACTIVATED org.sonatype.nexus.httpclient [153]
2020-06-24 14:58:06,639+0000 INFO  [jetty-main-1]  *SYSTEM org.sonatype.nexus.extender.NexusBundleTracker - ACTIVATING org.sonatype.nexus.servlet [156]
2020-06-24 14:58:06,677+0000 INFO  [jetty-main-1]  *SYSTEM org.sonatype.nexus.extender.NexusBundleTracker - ACTIVATED org.sonatype.nexus.servlet [156]
2020-06-24 14:58:06,683+0000 INFO  [jetty-main-1]  *SYSTEM org.sonatype.nexus.extender.NexusBundleTracker - ACTIVATING org.sonatype.nexus.orient [202]
2020-06-24 14:58:06,997+0000 INFO  [jetty-main-1]  *SYSTEM org.sonatype.nexus.extender.NexusBundleTracker - ACTIVATED org.sonatype.nexus.orient [202]
2020-06-24 14:58:07,003+0000 INFO  [jetty-main-1]  *SYSTEM org.sonatype.nexus.extender.NexusBundleTracker - ACTIVATING org.sonatype.nexus.datastore [171]
2020-06-24 14:58:07,166+0000 INFO  [jetty-main-1]  *SYSTEM org.sonatype.nexus.extender.NexusBundleTracker - ACTIVATED org.sonatype.nexus.datastore [171]
2020-06-24 14:58:07,169+0000 INFO  [jetty-main-1]  *SYSTEM org.sonatype.nexus.extender.NexusBundleTracker - ACTIVATING org.sonatype.nexus.base [161]
2020-06-24 14:58:07,864+0000 INFO  [jetty-main-1]  *SYSTEM org.sonatype.nexus.internal.metrics.MetricsModule - Metrics support configured
2020-06-24 14:58:08,532+0000 INFO  [jetty-main-1]  *SYSTEM org.sonatype.nexus.extender.NexusBundleTracker - ACTIVATED org.sonatype.nexus.base [161]
2020-06-24 14:58:08,539+0000 INFO  [jetty-main-1]  *SYSTEM org.sonatype.nexus.extender.NexusBundleTracker - ACTIVATING org.sonatype.nexus.upgrade [175]
2020-06-24 14:58:08,627+0000 INFO  [jetty-main-1]  *SYSTEM org.sonatype.nexus.extender.NexusBundleTracker - ACTIVATED org.sonatype.nexus.upgrade [175]
2020-06-24 14:58:08,629+0000 INFO  [jetty-main-1]  *SYSTEM org.sonatype.nexus.extender.NexusBundleTracker - ACTIVATING org.sonatype.nexus.extdirect [177]
2020-06-24 14:58:08,828+0000 INFO  [jetty-main-1]  *SYSTEM org.sonatype.nexus.extender.NexusBundleTracker - ACTIVATED org.sonatype.nexus.extdirect [177]
2020-06-24 14:58:08,831+0000 INFO  [jetty-main-1]  *SYSTEM org.sonatype.nexus.extender.NexusBundleTracker - ACTIVATING org.sonatype.nexus.siesta [180]
2020-06-24 14:58:08,973+0000 INFO  [jetty-main-1]  *SYSTEM org.sonatype.nexus.extender.NexusBundleTracker - ACTIVATED org.sonatype.nexus.siesta [180]
2020-06-24 14:58:08,974+0000 INFO  [jetty-main-1]  *SYSTEM org.sonatype.nexus.extender.NexusBundleTracker - ACTIVATING org.sonatype.nexus.rest-jackson2 [182]
2020-06-24 14:58:09,011+0000 INFO  [jetty-main-1]  *SYSTEM org.sonatype.nexus.extender.NexusBundleTracker - ACTIVATED org.sonatype.nexus.rest-jackson2 [182]
2020-06-24 14:58:09,013+0000 INFO  [jetty-main-1]  *SYSTEM org.sonatype.nexus.extender.NexusBundleTracker - ACTIVATING org.sonatype.nexus.swagger [193]
2020-06-24 14:58:09,066+0000 INFO  [jetty-main-1]  *SYSTEM org.sonatype.nexus.extender.NexusBundleTracker - ACTIVATED org.sonatype.nexus.swagger [193]
2020-06-24 14:58:09,078+0000 INFO  [jetty-main-1]  *SYSTEM org.sonatype.nexus.extender.NexusBundleTracker - ACTIVATING org.sonatype.nexus.rapture [198]
2020-06-24 14:58:09,216+0000 INFO  [jetty-main-1]  *SYSTEM org.sonatype.nexus.extender.NexusBundleTracker - ACTIVATED org.sonatype.nexus.rapture [198]
2020-06-24 14:58:09,217+0000 INFO  [jetty-main-1]  *SYSTEM org.sonatype.nexus.extender.NexusBundleTracker - ACTIVATING org.sonatype.nexus.quartz [200]
2020-06-24 14:58:09,305+0000 INFO  [jetty-main-1]  *SYSTEM org.sonatype.nexus.extender.NexusBundleTracker - ACTIVATED org.sonatype.nexus.quartz [200]
2020-06-24 14:58:09,307+0000 INFO  [jetty-main-1]  *SYSTEM org.sonatype.nexus.extender.NexusBundleTracker - ACTIVATING org.sonatype.nexus.oss-edition [201]
2020-06-24 14:58:09,340+0000 INFO  [jetty-main-1]  *SYSTEM org.sonatype.nexus.extender.NexusBundleTracker - ACTIVATED org.sonatype.nexus.oss-edition [201]
2020-06-24 14:58:09,343+0000 INFO  [jetty-main-1]  *SYSTEM org.sonatype.nexus.extender.NexusContextListener - Running lifecycle phases [KERNEL, STORAGE, RESTORE, UPGRADE, SCHEMAS, EVENTS, SECURITY, SERVICES, CAPABILITIES, TASKS]
2020-06-24 14:58:09,344+0000 INFO  [jetty-main-1]  *SYSTEM org.sonatype.nexus.extender.NexusLifecycleManager - Start KERNEL
2020-06-24 14:58:09,355+0000 INFO  [jetty-main-1]  *SYSTEM org.sonatype.nexus.internal.log.LogbackLoggerOverrides - File: /nexus-data/etc/logback/logback-overrides.xml
2020-06-24 14:58:09,358+0000 INFO  [jetty-main-1]  *SYSTEM org.sonatype.nexus.internal.log.LogbackLogManager - Configuring
2020-06-24 14:58:09,375+0000 INFO  [jetty-main-1]  *SYSTEM org.sonatype.nexus.extender.NexusContextListener - Installing: [nexus-oss-feature/3.21.1.01, nexus-cma-feature/3.21.1.01, nexus-cma-extra/3.21.1.01, nexus-clm-oss-plugin/3.21.1.01]
2020-06-24 14:58:15,167+0000 INFO  [jetty-main-1]  *SYSTEM org.sonatype.nexus.extender.NexusContextListener - Installed: [nexus-oss-feature/3.21.1.01, nexus-cma-feature/3.21.1.01, nexus-cma-extra/3.21.1.01, nexus-clm-oss-plugin/3.21.1.01]
2020-06-24 14:58:15,222+0000 INFO  [FelixStartLevel]  *SYSTEM org.sonatype.nexus.extender.NexusBundleTracker - ACTIVATING org.sonatype.nexus.plugins.nexus-audit-plugin [212]
2020-06-24 14:58:16,106+0000 INFO  [FelixStartLevel]  *SYSTEM org.sonatype.nexus.extender.NexusBundleTracker - ACTIVATED org.sonatype.nexus.plugins.nexus-audit-plugin [212]
2020-06-24 14:58:16,134+0000 INFO  [FelixStartLevel]  *SYSTEM org.sonatype.nexus.extender.NexusBundleTracker - ACTIVATING org.sonatype.nexus.plugins.nexus-ssl-plugin [214]
2020-06-24 14:58:16,242+0000 INFO  [FelixStartLevel]  *SYSTEM org.sonatype.nexus.extender.NexusBundleTracker - ACTIVATED org.sonatype.nexus.plugins.nexus-ssl-plugin [214]
2020-06-24 14:58:16,383+0000 INFO  [FelixStartLevel]  *SYSTEM org.sonatype.nexus.extender.NexusBundleTracker - ACTIVATING org.sonatype.nexus.elasticsearch [224]
2020-06-24 14:58:16,469+0000 INFO  [FelixStartLevel]  *SYSTEM org.sonatype.nexus.extender.NexusBundleTracker - ACTIVATED org.sonatype.nexus.elasticsearch [224]
2020-06-24 14:58:16,479+0000 INFO  [FelixStartLevel]  *SYSTEM org.sonatype.nexus.extender.NexusBundleTracker - ACTIVATING org.sonatype.nexus.selector [232]
2020-06-24 14:58:16,546+0000 INFO  [FelixStartLevel]  *SYSTEM org.sonatype.nexus.extender.NexusBundleTracker - ACTIVATED org.sonatype.nexus.selector [232]
2020-06-24 14:58:16,555+0000 INFO  [FelixStartLevel]  *SYSTEM org.sonatype.nexus.extender.NexusBundleTracker - ACTIVATING org.sonatype.nexus.repository [223]
2020-06-24 14:58:17,563+0000 INFO  [FelixStartLevel]  *SYSTEM org.sonatype.nexus.extender.NexusBundleTracker - ACTIVATED org.sonatype.nexus.repository [223]
2020-06-24 14:58:17,565+0000 INFO  [FelixStartLevel]  *SYSTEM org.sonatype.nexus.extender.NexusBundleTracker - ACTIVATING org.sonatype.nexus.plugins.nexus-coreui-plugin [215]
2020-06-24 14:58:17,816+0000 INFO  [FelixStartLevel]  *SYSTEM org.sonatype.nexus.extender.NexusBundleTracker - ACTIVATED org.sonatype.nexus.plugins.nexus-coreui-plugin [215]
2020-06-24 14:58:17,881+0000 INFO  [FelixStartLevel]  *SYSTEM org.sonatype.nexus.extender.NexusBundleTracker - ACTIVATING org.sonatype.nexus.plugins.nexus-repository-httpbridge [216]
2020-06-24 14:58:17,976+0000 INFO  [FelixStartLevel]  *SYSTEM org.sonatype.nexus.extender.NexusBundleTracker - ACTIVATED org.sonatype.nexus.plugins.nexus-repository-httpbridge [216]
2020-06-24 14:58:18,061+0000 INFO  [FelixStartLevel]  *SYSTEM org.sonatype.nexus.extender.NexusBundleTracker - ACTIVATING org.sonatype.nexus.cleanup [234]
2020-06-24 14:58:18,212+0000 INFO  [FelixStartLevel]  *SYSTEM org.sonatype.nexus.extender.NexusBundleTracker - ACTIVATED org.sonatype.nexus.cleanup [234]
2020-06-24 14:58:18,215+0000 INFO  [FelixStartLevel]  *SYSTEM org.sonatype.nexus.extender.NexusBundleTracker - ACTIVATING org.sonatype.nexus.plugins.nexus-repository-maven [260]
2020-06-24 14:58:18,640+0000 INFO  [FelixStartLevel]  *SYSTEM org.sonatype.nexus.extender.NexusBundleTracker - ACTIVATED org.sonatype.nexus.plugins.nexus-repository-maven [260]
2020-06-24 14:58:18,646+0000 INFO  [FelixStartLevel]  *SYSTEM org.sonatype.nexus.extender.NexusBundleTracker - ACTIVATING org.sonatype.nexus.plugins.nexus-script-plugin [217]
2020-06-24 14:58:18,765+0000 INFO  [FelixStartLevel]  *SYSTEM org.sonatype.nexus.extender.NexusBundleTracker - ACTIVATED org.sonatype.nexus.plugins.nexus-script-plugin [217]
2020-06-24 14:58:18,810+0000 INFO  [FelixStartLevel]  *SYSTEM org.sonatype.nexus.extender.NexusBundleTracker - ACTIVATING org.sonatype.nexus.plugins.nexus-task-log-cleanup [218]
2020-06-24 14:58:18,870+0000 INFO  [FelixStartLevel]  *SYSTEM org.sonatype.nexus.extender.NexusBundleTracker - ACTIVATED org.sonatype.nexus.plugins.nexus-task-log-cleanup [218]
2020-06-24 14:58:19,326+0000 INFO  [FelixStartLevel]  *SYSTEM org.sonatype.nexus.extender.NexusBundleTracker - ACTIVATING org.sonatype.nexus.plugins.nexus-blobstore-s3 [219]
2020-06-24 14:58:19,946+0000 INFO  [FelixStartLevel]  *SYSTEM org.sonatype.nexus.extender.NexusBundleTracker - ACTIVATED org.sonatype.nexus.plugins.nexus-blobstore-s3 [219]
2020-06-24 14:58:19,987+0000 INFO  [FelixStartLevel]  *SYSTEM org.sonatype.nexus.extender.NexusBundleTracker - ACTIVATING org.sonatype.nexus.plugins.nexus-onboarding-plugin [221]
2020-06-24 14:58:20,040+0000 INFO  [FelixStartLevel]  *SYSTEM org.sonatype.nexus.extender.NexusBundleTracker - ACTIVATED org.sonatype.nexus.plugins.nexus-onboarding-plugin [221]
2020-06-24 14:58:20,075+0000 INFO  [FelixStartLevel]  *SYSTEM org.sonatype.nexus.extender.NexusBundleTracker - ACTIVATING org.sonatype.nexus.core [222]
2020-06-24 14:58:20,528+0000 INFO  [FelixStartLevel]  *SYSTEM org.sonatype.nexus.extender.NexusBundleTracker - ACTIVATED org.sonatype.nexus.core [222]
2020-06-24 14:58:20,574+0000 INFO  [FelixStartLevel]  *SYSTEM org.sonatype.nexus.extender.NexusBundleTracker - ACTIVATING com.sonatype.nexus.plugins.nexus-ldap-plugin [238]
2020-06-24 14:58:20,697+0000 INFO  [FelixStartLevel]  *SYSTEM org.sonatype.nexus.extender.NexusBundleTracker - ACTIVATED com.sonatype.nexus.plugins.nexus-ldap-plugin [238]
2020-06-24 14:58:20,724+0000 INFO  [FelixStartLevel]  *SYSTEM org.sonatype.nexus.extender.NexusBundleTracker - ACTIVATING com.sonatype.nexus.plugins.nexus-proui-plugin [239]
2020-06-24 14:58:20,781+0000 INFO  [FelixStartLevel]  *SYSTEM org.sonatype.nexus.extender.NexusBundleTracker - ACTIVATED com.sonatype.nexus.plugins.nexus-proui-plugin [239]
2020-06-24 14:58:20,794+0000 INFO  [FelixStartLevel]  *SYSTEM org.sonatype.nexus.extender.NexusBundleTracker - ACTIVATING com.sonatype.nexus.plugins.nexus-proximanova-plugin [240]
2020-06-24 14:58:20,819+0000 INFO  [FelixStartLevel]  *SYSTEM org.sonatype.nexus.extender.NexusBundleTracker - ACTIVATED com.sonatype.nexus.plugins.nexus-proximanova-plugin [240]
2020-06-24 14:58:20,860+0000 INFO  [FelixStartLevel]  *SYSTEM org.sonatype.nexus.extender.NexusBundleTracker - ACTIVATING com.sonatype.nexus.plugins.nexus-analytics-plugin [242]
2020-06-24 14:58:20,919+0000 INFO  [FelixStartLevel]  *SYSTEM org.sonatype.nexus.extender.NexusBundleTracker - ACTIVATED com.sonatype.nexus.plugins.nexus-analytics-plugin [242]
2020-06-24 14:58:20,920+0000 INFO  [FelixStartLevel]  *SYSTEM org.sonatype.nexus.extender.NexusBundleTracker - ACTIVATING wrap_file_system_com_sonatype_licensing_license-bundle_1.5.0_license-bundle-1.5.0.jar [249]
2020-06-24 14:58:20,974+0000 INFO  [FelixStartLevel]  *SYSTEM org.sonatype.nexus.extender.NexusBundleTracker - ACTIVATED wrap_file_system_com_sonatype_licensing_license-bundle_1.5.0_license-bundle-1.5.0.jar [249]
2020-06-24 14:58:20,976+0000 INFO  [FelixStartLevel]  *SYSTEM org.sonatype.nexus.extender.NexusBundleTracker - ACTIVATING com.sonatype.nexus.licensing-extension [248]
2020-06-24 14:58:21,063+0000 INFO  [FelixStartLevel]  *SYSTEM org.sonatype.nexus.extender.NexusBundleTracker - ACTIVATED com.sonatype.nexus.licensing-extension [248]
2020-06-24 14:58:21,064+0000 INFO  [FelixStartLevel]  *SYSTEM org.sonatype.nexus.extender.NexusBundleTracker - ACTIVATING com.sonatype.nexus.plugins.nexus-licensing-plugin [241]
2020-06-24 14:58:21,102+0000 INFO  [FelixStartLevel]  *SYSTEM org.sonatype.nexus.extender.NexusBundleTracker - ACTIVATED com.sonatype.nexus.plugins.nexus-licensing-plugin [241]
2020-06-24 14:58:21,218+0000 INFO  [FelixStartLevel]  *SYSTEM org.sonatype.nexus.extender.NexusBundleTracker - ACTIVATING wrap_file_system_com_sonatype_insight_scan_insight-scanner-core_2.18.8-01_insight-scanner-core-2.18.8-01.jar [305]
2020-06-24 14:58:21,261+0000 INFO  [FelixStartLevel]  *SYSTEM org.sonatype.nexus.extender.NexusBundleTracker - ACTIVATED wrap_file_system_com_sonatype_insight_scan_insight-scanner-core_2.18.8-01_insight-scanner-core-2.18.8-01.jar [305]
2020-06-24 14:58:21,264+0000 INFO  [FelixStartLevel]  *SYSTEM org.sonatype.nexus.extender.NexusBundleTracker - ACTIVATING wrap_file_system_com_sonatype_insight_scan_insight-scanner-model-io_2.18.8-01_insight-scanner-model-io-2.18.8-01.jar [301]
2020-06-24 14:58:21,298+0000 INFO  [FelixStartLevel]  *SYSTEM org.sonatype.nexus.extender.NexusBundleTracker - ACTIVATED wrap_file_system_com_sonatype_insight_scan_insight-scanner-model-io_2.18.8-01_insight-scanner-model-io-2.18.8-01.jar [301]
2020-06-24 14:58:21,299+0000 INFO  [FelixStartLevel]  *SYSTEM org.sonatype.nexus.extender.NexusBundleTracker - ACTIVATING com.sonatype.nexus.plugins.nexus-healthcheck-base [299]
2020-06-24 14:58:21,472+0000 INFO  [FelixStartLevel]  *SYSTEM org.sonatype.nexus.extender.NexusBundleTracker - ACTIVATED com.sonatype.nexus.plugins.nexus-healthcheck-base [299]
2020-06-24 14:58:21,474+0000 INFO  [FelixStartLevel]  *SYSTEM org.sonatype.nexus.extender.NexusBundleTracker - ACTIVATING com.sonatype.nexus.plugins.nexus-repository-nuget [284]
2020-06-24 14:58:21,593+0000 INFO  [FelixStartLevel]  *SYSTEM org.sonatype.nexus.extender.NexusBundleTracker - ACTIVATED com.sonatype.nexus.plugins.nexus-repository-nuget [284]
2020-06-24 14:58:21,595+0000 INFO  [FelixStartLevel]  *SYSTEM org.sonatype.nexus.extender.NexusBundleTracker - ACTIVATING org.sonatype.nexus.plugins.nexus-repository-npm [266]
2020-06-24 14:58:21,732+0000 INFO  [FelixStartLevel]  *SYSTEM org.sonatype.nexus.extender.NexusBundleTracker - ACTIVATED org.sonatype.nexus.plugins.nexus-repository-npm [266]
2020-06-24 14:58:21,734+0000 INFO  [FelixStartLevel]  *SYSTEM org.sonatype.nexus.extender.NexusBundleTracker - ACTIVATING org.sonatype.nexus.plugins.nexus-repository-raw [272]
2020-06-24 14:58:21,792+0000 INFO  [FelixStartLevel]  *SYSTEM org.sonatype.nexus.extender.NexusBundleTracker - ACTIVATED org.sonatype.nexus.plugins.nexus-repository-raw [272]
2020-06-24 14:58:21,793+0000 INFO  [FelixStartLevel]  *SYSTEM org.sonatype.nexus.extender.NexusBundleTracker - ACTIVATING com.sonatype.nexus.plugins.nexus-repository-rubygems [288]
2020-06-24 14:58:21,864+0000 INFO  [FelixStartLevel]  *SYSTEM org.sonatype.nexus.extender.NexusBundleTracker - ACTIVATED com.sonatype.nexus.plugins.nexus-repository-rubygems [288]
2020-06-24 14:58:21,865+0000 INFO  [FelixStartLevel]  *SYSTEM org.sonatype.nexus.extender.NexusBundleTracker - ACTIVATING org.sonatype.nexus.rest-client [244]
2020-06-24 14:58:21,886+0000 INFO  [FelixStartLevel]  *SYSTEM org.sonatype.nexus.extender.NexusBundleTracker - ACTIVATED org.sonatype.nexus.rest-client [244]
2020-06-24 14:58:21,887+0000 INFO  [FelixStartLevel]  *SYSTEM org.sonatype.nexus.extender.NexusBundleTracker - ACTIVATING com.sonatype.nexus.plugins.nexus-migration-plugin [243]
2020-06-24 14:58:22,073+0000 INFO  [FelixStartLevel]  *SYSTEM org.sonatype.nexus.extender.NexusBundleTracker - ACTIVATED com.sonatype.nexus.plugins.nexus-migration-plugin [243]
2020-06-24 14:58:22,089+0000 INFO  [FelixStartLevel]  *SYSTEM org.sonatype.nexus.extender.NexusBundleTracker - ACTIVATING com.sonatype.nexus.plugins.nexus-outreach-plugin [246]
2020-06-24 14:58:22,137+0000 INFO  [FelixStartLevel]  *SYSTEM org.sonatype.nexus.extender.NexusBundleTracker - ACTIVATED com.sonatype.nexus.plugins.nexus-outreach-plugin [246]
2020-06-24 14:58:22,151+0000 INFO  [FelixStartLevel]  *SYSTEM org.sonatype.nexus.extender.NexusBundleTracker - ACTIVATING com.sonatype.nexus.plugins.nexus-rutauth-plugin [247]
2020-06-24 14:58:22,183+0000 INFO  [FelixStartLevel]  *SYSTEM org.sonatype.nexus.extender.NexusBundleTracker - ACTIVATED com.sonatype.nexus.plugins.nexus-rutauth-plugin [247]
2020-06-24 14:58:22,198+0000 INFO  [FelixStartLevel]  *SYSTEM org.sonatype.nexus.extender.NexusBundleTracker - ACTIVATING org.sonatype.nexus.plugins.nexus-blobstore-tasks [252]
2020-06-24 14:58:22,226+0000 INFO  [FelixStartLevel]  *SYSTEM org.sonatype.nexus.extender.NexusBundleTracker - ACTIVATED org.sonatype.nexus.plugins.nexus-blobstore-tasks [252]
2020-06-24 14:58:22,602+0000 INFO  [FelixStartLevel]  *SYSTEM org.sonatype.nexus.extender.NexusBundleTracker - ACTIVATING org.sonatype.nexus.plugins.nexus-repository-apt [253]
2020-06-24 14:58:22,981+0000 INFO  [FelixStartLevel]  *SYSTEM org.sonatype.nexus.extender.NexusBundleTracker - ACTIVATED org.sonatype.nexus.plugins.nexus-repository-apt [253]
2020-06-24 14:58:23,000+0000 INFO  [FelixStartLevel]  *SYSTEM org.sonatype.nexus.extender.NexusBundleTracker - ACTIVATING org.sonatype.nexus.plugins.nexus-repository-cocoapods [254]
2020-06-24 14:58:23,038+0000 INFO  [FelixStartLevel]  *SYSTEM org.sonatype.nexus.extender.NexusBundleTracker - ACTIVATED org.sonatype.nexus.plugins.nexus-repository-cocoapods [254]
2020-06-24 14:58:23,058+0000 INFO  [FelixStartLevel]  *SYSTEM org.sonatype.nexus.extender.NexusBundleTracker - ACTIVATING org.sonatype.nexus.plugins.nexus-repository-conda [255]
2020-06-24 14:58:23,097+0000 INFO  [FelixStartLevel]  *SYSTEM org.sonatype.nexus.extender.NexusBundleTracker - ACTIVATED org.sonatype.nexus.plugins.nexus-repository-conda [255]
2020-06-24 14:58:23,120+0000 INFO  [FelixStartLevel]  *SYSTEM org.sonatype.nexus.extender.NexusBundleTracker - ACTIVATING org.sonatype.nexus.plugins.nexus-repository-golang [256]
2020-06-24 14:58:23,184+0000 INFO  [FelixStartLevel]  *SYSTEM org.sonatype.nexus.extender.NexusBundleTracker - ACTIVATED org.sonatype.nexus.plugins.nexus-repository-golang [256]
2020-06-24 14:58:23,222+0000 INFO  [FelixStartLevel]  *SYSTEM org.sonatype.nexus.extender.NexusBundleTracker - ACTIVATING org.sonatype.nexus.plugins.nexus-repository-helm [257]
2020-06-24 14:58:23,367+0000 INFO  [FelixStartLevel]  *SYSTEM org.sonatype.nexus.extender.NexusBundleTracker - ACTIVATED org.sonatype.nexus.plugins.nexus-repository-helm [257]
2020-06-24 14:58:23,409+0000 INFO  [FelixStartLevel]  *SYSTEM org.sonatype.nexus.extender.NexusBundleTracker - ACTIVATING org.sonatype.nexus.plugins.nexus-repository-pypi [267]
2020-06-24 14:58:23,481+0000 INFO  [FelixStartLevel]  *SYSTEM org.sonatype.nexus.extender.NexusBundleTracker - ACTIVATED org.sonatype.nexus.plugins.nexus-repository-pypi [267]
2020-06-24 14:58:23,495+0000 INFO  [FelixStartLevel]  *SYSTEM org.sonatype.nexus.extender.NexusBundleTracker - ACTIVATING org.sonatype.nexus.plugins.nexus-repository-p2 [269]
2020-06-24 14:58:23,766+0000 INFO  [FelixStartLevel]  *SYSTEM org.sonatype.nexus.extender.NexusBundleTracker - ACTIVATED org.sonatype.nexus.plugins.nexus-repository-p2 [269]
2020-06-24 14:58:23,787+0000 INFO  [FelixStartLevel]  *SYSTEM org.sonatype.nexus.extender.NexusBundleTracker - ACTIVATING org.sonatype.nexus.plugins.nexus-repository-r [270]
2020-06-24 14:58:23,856+0000 INFO  [FelixStartLevel]  *SYSTEM org.sonatype.nexus.extender.NexusBundleTracker - ACTIVATED org.sonatype.nexus.plugins.nexus-repository-r [270]
2020-06-24 14:58:23,889+0000 INFO  [FelixStartLevel]  *SYSTEM org.sonatype.nexus.extender.NexusBundleTracker - ACTIVATING org.sonatype.nexus.plugins.nexus-restore-apt [273]
2020-06-24 14:58:23,912+0000 INFO  [FelixStartLevel]  *SYSTEM org.sonatype.nexus.extender.NexusBundleTracker - ACTIVATED org.sonatype.nexus.plugins.nexus-restore-apt [273]
2020-06-24 14:58:23,933+0000 INFO  [FelixStartLevel]  *SYSTEM org.sonatype.nexus.extender.NexusBundleTracker - ACTIVATING org.sonatype.nexus.plugins.nexus-restore-helm [274]
2020-06-24 14:58:23,955+0000 INFO  [FelixStartLevel]  *SYSTEM org.sonatype.nexus.extender.NexusBundleTracker - ACTIVATED org.sonatype.nexus.plugins.nexus-restore-helm [274]
2020-06-24 14:58:23,967+0000 INFO  [FelixStartLevel]  *SYSTEM org.sonatype.nexus.extender.NexusBundleTracker - ACTIVATING org.sonatype.nexus.plugins.nexus-restore-maven [275]
2020-06-24 14:58:23,992+0000 INFO  [FelixStartLevel]  *SYSTEM org.sonatype.nexus.extender.NexusBundleTracker - ACTIVATED org.sonatype.nexus.plugins.nexus-restore-maven [275]
2020-06-24 14:58:24,004+0000 INFO  [FelixStartLevel]  *SYSTEM org.sonatype.nexus.extender.NexusBundleTracker - ACTIVATING org.sonatype.nexus.plugins.nexus-restore-npm [276]
2020-06-24 14:58:24,030+0000 INFO  [FelixStartLevel]  *SYSTEM org.sonatype.nexus.extender.NexusBundleTracker - ACTIVATED org.sonatype.nexus.plugins.nexus-restore-npm [276]
2020-06-24 14:58:24,042+0000 INFO  [FelixStartLevel]  *SYSTEM org.sonatype.nexus.extender.NexusBundleTracker - ACTIVATING org.sonatype.nexus.plugins.nexus-restore-pypi [277]
2020-06-24 14:58:24,074+0000 INFO  [FelixStartLevel]  *SYSTEM org.sonatype.nexus.extender.NexusBundleTracker - ACTIVATED org.sonatype.nexus.plugins.nexus-restore-pypi [277]
2020-06-24 14:58:24,087+0000 INFO  [FelixStartLevel]  *SYSTEM org.sonatype.nexus.extender.NexusBundleTracker - ACTIVATING org.sonatype.nexus.plugins.nexus-restore-p2 [278]
2020-06-24 14:58:24,111+0000 INFO  [FelixStartLevel]  *SYSTEM org.sonatype.nexus.extender.NexusBundleTracker - ACTIVATED org.sonatype.nexus.plugins.nexus-restore-p2 [278]
2020-06-24 14:58:24,127+0000 INFO  [FelixStartLevel]  *SYSTEM org.sonatype.nexus.extender.NexusBundleTracker - ACTIVATING org.sonatype.nexus.plugins.nexus-restore-r [279]
2020-06-24 14:58:24,148+0000 INFO  [FelixStartLevel]  *SYSTEM org.sonatype.nexus.extender.NexusBundleTracker - ACTIVATED org.sonatype.nexus.plugins.nexus-restore-r [279]
2020-06-24 14:58:24,162+0000 INFO  [FelixStartLevel]  *SYSTEM org.sonatype.nexus.extender.NexusBundleTracker - ACTIVATING org.sonatype.nexus.plugins.nexus-restore-raw [280]
2020-06-24 14:58:24,181+0000 INFO  [FelixStartLevel]  *SYSTEM org.sonatype.nexus.extender.NexusBundleTracker - ACTIVATED org.sonatype.nexus.plugins.nexus-restore-raw [280]
2020-06-24 14:58:24,197+0000 INFO  [FelixStartLevel]  *SYSTEM org.sonatype.nexus.extender.NexusBundleTracker - ACTIVATING com.sonatype.nexus.plugins.nexus-repository-bower [281]
2020-06-24 14:58:24,260+0000 INFO  [FelixStartLevel]  *SYSTEM org.sonatype.nexus.extender.NexusBundleTracker - ACTIVATED com.sonatype.nexus.plugins.nexus-repository-bower [281]
2020-06-24 14:58:24,281+0000 INFO  [FelixStartLevel]  *SYSTEM org.sonatype.nexus.extender.NexusBundleTracker - ACTIVATING com.sonatype.nexus.plugins.nexus-repository-docker [282]
2020-06-24 14:58:24,493+0000 INFO  [FelixStartLevel]  *SYSTEM org.sonatype.nexus.extender.NexusBundleTracker - ACTIVATED com.sonatype.nexus.plugins.nexus-repository-docker [282]
2020-06-24 14:58:24,508+0000 INFO  [FelixStartLevel]  *SYSTEM org.sonatype.nexus.extender.NexusBundleTracker - ACTIVATING com.sonatype.nexus.plugins.nexus-repository-gitlfs [283]
2020-06-24 14:58:24,547+0000 INFO  [FelixStartLevel]  *SYSTEM org.sonatype.nexus.extender.NexusBundleTracker - ACTIVATED com.sonatype.nexus.plugins.nexus-repository-gitlfs [283]
2020-06-24 14:58:24,576+0000 INFO  [FelixStartLevel]  *SYSTEM org.sonatype.nexus.extender.NexusBundleTracker - ACTIVATING com.sonatype.nexus.plugins.nexus-repository-yum [290]
2020-06-24 14:58:24,687+0000 INFO  [FelixStartLevel]  *SYSTEM org.sonatype.nexus.extender.NexusBundleTracker - ACTIVATED com.sonatype.nexus.plugins.nexus-repository-yum [290]
2020-06-24 14:58:24,700+0000 INFO  [FelixStartLevel]  *SYSTEM org.sonatype.nexus.extender.NexusBundleTracker - ACTIVATING com.sonatype.nexus.plugins.nexus-restore-docker [294]
2020-06-24 14:58:24,731+0000 INFO  [FelixStartLevel]  *SYSTEM org.sonatype.nexus.extender.NexusBundleTracker - ACTIVATED com.sonatype.nexus.plugins.nexus-restore-docker [294]
2020-06-24 14:58:24,742+0000 INFO  [FelixStartLevel]  *SYSTEM org.sonatype.nexus.extender.NexusBundleTracker - ACTIVATING com.sonatype.nexus.plugins.nexus-restore-nuget [295]
2020-06-24 14:58:24,758+0000 INFO  [FelixStartLevel]  *SYSTEM org.sonatype.nexus.extender.NexusBundleTracker - ACTIVATED com.sonatype.nexus.plugins.nexus-restore-nuget [295]
2020-06-24 14:58:24,769+0000 INFO  [FelixStartLevel]  *SYSTEM org.sonatype.nexus.extender.NexusBundleTracker - ACTIVATING com.sonatype.nexus.plugins.nexus-restore-rubygems [296]
2020-06-24 14:58:24,792+0000 INFO  [FelixStartLevel]  *SYSTEM org.sonatype.nexus.extender.NexusBundleTracker - ACTIVATED com.sonatype.nexus.plugins.nexus-restore-rubygems [296]
2020-06-24 14:58:24,803+0000 INFO  [FelixStartLevel]  *SYSTEM org.sonatype.nexus.extender.NexusBundleTracker - ACTIVATING com.sonatype.nexus.plugins.nexus-restore-yum [297]
2020-06-24 14:58:24,823+0000 INFO  [FelixStartLevel]  *SYSTEM org.sonatype.nexus.extender.NexusBundleTracker - ACTIVATED com.sonatype.nexus.plugins.nexus-restore-yum [297]
2020-06-24 14:58:24,836+0000 INFO  [FelixStartLevel]  *SYSTEM org.sonatype.nexus.extender.NexusBundleTracker - ACTIVATING com.sonatype.nexus.plugins.nexus-ahc-plugin [298]
2020-06-24 14:58:24,868+0000 INFO  [FelixStartLevel]  *SYSTEM org.sonatype.nexus.extender.NexusBundleTracker - ACTIVATED com.sonatype.nexus.plugins.nexus-ahc-plugin [298]
2020-06-24 14:58:24,881+0000 INFO  [FelixStartLevel]  *SYSTEM org.sonatype.nexus.extender.NexusBundleTracker - ACTIVATING com.sonatype.nexus.plugins.nexus-clm-oss-plugin [303]
2020-06-24 14:58:24,899+0000 INFO  [FelixStartLevel]  *SYSTEM org.sonatype.nexus.extender.NexusBundleTracker - ACTIVATED com.sonatype.nexus.plugins.nexus-clm-oss-plugin [303]
2020-06-24 14:58:24,901+0000 INFO  [FelixStartLevel]  *SYSTEM org.sonatype.nexus.extender.NexusLifecycleManager - Start STORAGE
2020-06-24 14:58:25,621+0000 INFO  [FelixStartLevel]  *SYSTEM org.sonatype.nexus.internal.node.LocalNodeAccess - Generating certificate
2020-06-24 14:58:25,705+0000 INFO  [FelixStartLevel]  *SYSTEM org.sonatype.nexus.internal.node.LocalNodeAccess - ID: CD0C6975-54BDBBFF-BB094F1D-DE3BAA93-E9D36285
2020-06-24 14:58:25,710+0000 INFO  [FelixStartLevel]  *SYSTEM org.sonatype.nexus.internal.orient.DatabaseServerImpl - OrientDB version: 2.2.36 (build d3beb772c02098ceaea89779a7afd4b7305d3788, branch 2.2.x)
2020-06-24 14:58:25,737+0000 INFO  [FelixStartLevel]  *SYSTEM org.sonatype.nexus.internal.orient.DatabaseServerImpl$1 - OrientDB Server v2.2.36 (build d3beb772c02098ceaea89779a7afd4b7305d3788, branch 2.2.x) is starting up...
2020-06-24 14:58:25,742+0000 INFO  [FelixStartLevel]  *SYSTEM org.sonatype.nexus.internal.orient.DatabaseServerImpl$1 - Databases directory: /nexus-data/db
2020-06-24 14:58:25,989+0000 INFO  [FelixStartLevel]  *SYSTEM com.orientechnologies.orient.core.engine.OMemoryAndLocalPaginatedEnginesInitializer - Configuration of usage of soft references inside of containers of results of SQL execution
2020-06-24 14:58:25,991+0000 INFO  [FelixStartLevel]  *SYSTEM com.orientechnologies.orient.core.engine.OMemoryAndLocalPaginatedEnginesInitializer - Initial and maximum values of heap memory usage are equal, containers of results of SQL executors will use soft references by default
2020-06-24 14:58:25,992+0000 INFO  [FelixStartLevel]  *SYSTEM com.orientechnologies.orient.core.engine.OMemoryAndLocalPaginatedEnginesInitializer - Auto configuration of disk cache size.
2020-06-24 14:58:26,155+0000 INFO  [FelixStartLevel]  *SYSTEM com.orientechnologies.common.jna.ONative - 2094673920 B/1997 MB/1 GB of physical memory were detected on machine
2020-06-24 14:58:26,165+0000 INFO  [FelixStartLevel]  *SYSTEM com.orientechnologies.common.jna.ONative - Soft memory limit for this process is set to -1 B/-1 MB/-1 GB
2020-06-24 14:58:26,166+0000 INFO  [FelixStartLevel]  *SYSTEM com.orientechnologies.common.jna.ONative - Hard memory limit for this process is set to -1 B/-1 MB/-1 GB
2020-06-24 14:58:26,167+0000 INFO  [FelixStartLevel]  *SYSTEM com.orientechnologies.common.jna.ONative - Path to 'memory' cgroup is '/docker/06c84e67785b6d56b55711780eb344c7b73d8802f0b2119cf5afb42baeac4451'
2020-06-24 14:58:26,170+0000 INFO  [FelixStartLevel]  *SYSTEM com.orientechnologies.common.jna.ONative - Mounting path for memory cgroup controller is '/sys/fs/memory'
2020-06-24 14:58:26,171+0000 INFO  [FelixStartLevel]  *SYSTEM com.orientechnologies.common.jna.ONative - Can not find '/sys/fs/memory/docker/06c84e67785b6d56b55711780eb344c7b73d8802f0b2119cf5afb42baeac4451' path for memory cgroup, it is supposed that process is running in container, will try to read root '/sys/fs/memory' memory cgroup data
2020-06-24 14:58:26,172+0000 INFO  [FelixStartLevel]  *SYSTEM com.orientechnologies.common.jna.ONative - Can not read memory soft limit for cgroup '/sys/fs/memory'
2020-06-24 14:58:26,173+0000 INFO  [FelixStartLevel]  *SYSTEM com.orientechnologies.common.jna.ONative - Can not read memory hard limit for cgroup '/sys/fs/memory'
2020-06-24 14:58:26,174+0000 INFO  [FelixStartLevel]  *SYSTEM com.orientechnologies.common.jna.ONative - Detected memory limit for current process is 2094673920 B/1997 MB/1 GB
2020-06-24 14:58:26,176+0000 INFO  [FelixStartLevel]  *SYSTEM com.orientechnologies.orient.core.engine.OMemoryAndLocalPaginatedEnginesInitializer - OrientDB auto-config DISKCACHE=336MB (heap=1,149MB direct=2,048MB os=1,997MB)
2020-06-24 14:58:26,238+0000 INFO  [FelixStartLevel]  *SYSTEM com.orientechnologies.orient.server.OSystemDatabase - $ANSI{green {db=OSystem}} Creating the system database 'OSystem' for current server
2020-06-24 14:58:26,474+0000 INFO  [FelixStartLevel]  *SYSTEM com.orientechnologies.orient.core.storage.impl.local.paginated.OLocalPaginatedStorage - Storage 'plocal:/nexus-data/db/OSystem' is created under OrientDB distribution : 2.2.36 (build d3beb772c02098ceaea89779a7afd4b7305d3788, branch 2.2.x)
2020-06-24 14:58:27,676+0000 INFO  [FelixStartLevel]  *SYSTEM org.sonatype.nexus.internal.orient.DatabaseServerImpl$1 - Found ORIENTDB_ROOT_PASSWORD variable, using this value as root's password
2020-06-24 14:58:27,812+0000 INFO  [FelixStartLevel]  *SYSTEM com.orientechnologies.orient.server.handler.OJMXPlugin - JMX plugin installed and active: profilerManaged=true
2020-06-24 14:58:27,815+0000 INFO  [FelixStartLevel]  *SYSTEM org.sonatype.nexus.internal.orient.DatabaseServerImpl$1 - OrientDB Studio available at $ANSI{blue http://localhost:2480/studio/index.html}
2020-06-24 14:58:27,816+0000 INFO  [FelixStartLevel]  *SYSTEM org.sonatype.nexus.internal.orient.DatabaseServerImpl$1 - $ANSI{green:italic OrientDB Server is active} v2.2.36 (build d3beb772c02098ceaea89779a7afd4b7305d3788, branch 2.2.x).
2020-06-24 14:58:27,818+0000 INFO  [FelixStartLevel]  *SYSTEM org.sonatype.nexus.internal.orient.DatabaseServerImpl - Activated
2020-06-24 14:58:27,905+0000 INFO  [FelixStartLevel]  *SYSTEM org.sonatype.nexus.extender.NexusLifecycleManager - Start RESTORE
2020-06-24 14:58:28,127+0000 INFO  [ForkJoinPool.commonPool-worker-1]  *SYSTEM com.orientechnologies.orient.core.storage.impl.local.paginated.OLocalPaginatedStorage - Storage 'plocal:/nexus-data/db/config' is created under OrientDB distribution : 2.2.36 (build d3beb772c02098ceaea89779a7afd4b7305d3788, branch 2.2.x)
2020-06-24 14:58:28,132+0000 INFO  [FelixStartLevel]  *SYSTEM com.orientechnologies.orient.core.storage.impl.local.paginated.OLocalPaginatedStorage - Storage 'plocal:/nexus-data/db/component' is created under OrientDB distribution : 2.2.36 (build d3beb772c02098ceaea89779a7afd4b7305d3788, branch 2.2.x)
2020-06-24 14:58:30,068+0000 INFO  [ForkJoinPool.commonPool-worker-3]  *SYSTEM com.orientechnologies.orient.core.storage.impl.local.paginated.OLocalPaginatedStorage - Storage 'plocal:/nexus-data/db/security' is created under OrientDB distribution : 2.2.36 (build d3beb772c02098ceaea89779a7afd4b7305d3788, branch 2.2.x)
2020-06-24 14:58:31,434+0000 INFO  [FelixStartLevel]  *SYSTEM org.sonatype.nexus.extender.NexusLifecycleManager - Start UPGRADE
2020-06-24 14:58:31,724+0000 INFO  [FelixStartLevel]  *SYSTEM org.sonatype.nexus.internal.orient.DatabaseManagerImpl - Configuring OrientDB pool config with per-core limit of 16
2020-06-24 14:58:31,775+0000 INFO  [FelixStartLevel]  *SYSTEM org.sonatype.nexus.extender.NexusLifecycleManager - Start SCHEMAS
2020-06-24 14:58:32,043+0000 INFO  [FelixStartLevel]  *SYSTEM org.sonatype.nexus.internal.orient.OrientDeploymentAccessImpl - Created new deployment identifier: DeploymentIdentifier{id='CD0C6975-54BDBBFF-BB094F1D-DE3BAA93-E9D36285', alias='null'}
2020-06-24 14:58:32,459+0000 INFO  [FelixStartLevel]  *SYSTEM org.sonatype.nexus.security.internal.AdminPasswordFileManagerImpl - Writing admin user temporary password to /nexus-data/admin.password
2020-06-24 14:58:32,499+0000 INFO  [FelixStartLevel]  *SYSTEM org.sonatype.nexus.internal.security.model.orient.OrientSecurityConfigurationSource - Initializing default users
2020-06-24 14:58:33,040+0000 INFO  [FelixStartLevel]  *SYSTEM org.sonatype.nexus.internal.security.model.orient.OrientSecurityConfigurationSource - Initializing default user/role mappings
2020-06-24 14:58:37,372+0000 INFO  [FelixStartLevel]  *SYSTEM org.sonatype.nexus.extender.NexusLifecycleManager - Start EVENTS
2020-06-24 14:58:37,777+0000 INFO  [FelixStartLevel]  *SYSTEM org.sonatype.nexus.extender.NexusLifecycleManager - Start SECURITY
2020-06-24 14:58:37,780+0000 INFO  [FelixStartLevel]  *SYSTEM org.sonatype.nexus.security.internal.DefaultSecuritySystem - Unlimited strength JCE policy detected
2020-06-24 14:58:37,788+0000 INFO  [FelixStartLevel]  *SYSTEM org.sonatype.nexus.internal.orient.DatabaseManagerImpl - Configuring OrientDB pool security with per-core limit of 16
2020-06-24 14:58:37,791+0000 INFO  [FelixStartLevel]  *SYSTEM org.sonatype.nexus.security.internal.RealmManagerImpl - Using default configuration: OrientRealmConfiguration{realmNames=[NexusAuthenticatingRealm, NexusAuthorizingRealm]}
2020-06-24 14:58:37,801+0000 INFO  [FelixStartLevel]  *SYSTEM org.sonatype.nexus.cache.internal.RuntimeCacheManagerProvider - Cache-provider: ehcache
2020-06-24 14:58:37,810+0000 INFO  [FelixStartLevel]  *SYSTEM org.sonatype.nexus.cache.internal.ehcache.EhCacheManagerProvider - Creating cache-manager with configuration: file:/opt/sonatype/nexus/etc/fabric/ehcache.xml
2020-06-24 14:58:37,816+0000 INFO  [FelixStartLevel]  *SYSTEM org.ehcache.xml.XmlConfiguration - Loading Ehcache XML configuration from /opt/sonatype/nexus/etc/fabric/ehcache.xml.
2020-06-24 14:58:38,015+0000 INFO  [FelixStartLevel]  *SYSTEM org.ehcache.jsr107.ConfigurationMerger - Configuration of cache NexusAuthenticatingRealm.authenticationCache will be supplemented by template nexus-default
2020-06-24 14:58:38,060+0000 INFO  [FelixStartLevel]  *SYSTEM org.ehcache.core.EhcacheManager - Cache 'NexusAuthenticatingRealm.authenticationCache' created in EhcacheManager.
2020-06-24 14:58:38,067+0000 INFO  [FelixStartLevel]  *SYSTEM org.ehcache.jsr107.Eh107CacheManager - Registering Ehcache MBean javax.cache:type=CacheConfiguration,CacheManager=file./opt/sonatype/nexus/etc/fabric/ehcache.xml,Cache=NexusAuthenticatingRealm.authenticationCache
2020-06-24 14:58:38,069+0000 INFO  [FelixStartLevel]  *SYSTEM org.ehcache.jsr107.Eh107CacheManager - Registering Ehcache MBean javax.cache:type=CacheStatistics,CacheManager=file./opt/sonatype/nexus/etc/fabric/ehcache.xml,Cache=NexusAuthenticatingRealm.authenticationCache
2020-06-24 14:58:38,070+0000 INFO  [FelixStartLevel]  *SYSTEM org.ehcache.jsr107.ConfigurationMerger - Configuration of cache NexusAuthorizingRealm.authorizationCache will be supplemented by template nexus-default
2020-06-24 14:58:38,073+0000 INFO  [FelixStartLevel]  *SYSTEM org.ehcache.core.EhcacheManager - Cache 'NexusAuthorizingRealm.authorizationCache' created in EhcacheManager.
2020-06-24 14:58:38,075+0000 INFO  [FelixStartLevel]  *SYSTEM org.ehcache.jsr107.Eh107CacheManager - Registering Ehcache MBean javax.cache:type=CacheConfiguration,CacheManager=file./opt/sonatype/nexus/etc/fabric/ehcache.xml,Cache=NexusAuthorizingRealm.authorizationCache
2020-06-24 14:58:38,076+0000 INFO  [FelixStartLevel]  *SYSTEM org.ehcache.jsr107.Eh107CacheManager - Registering Ehcache MBean javax.cache:type=CacheStatistics,CacheManager=file./opt/sonatype/nexus/etc/fabric/ehcache.xml,Cache=NexusAuthorizingRealm.authorizationCache
2020-06-24 14:58:38,079+0000 INFO  [FelixStartLevel]  *SYSTEM org.sonatype.nexus.extender.NexusLifecycleManager - Start SERVICES
2020-06-24 14:58:38,193+0000 INFO  [FelixStartLevel]  *SYSTEM org.sonatype.nexus.blobstore.file.internal.FileBlobStoreMetricsStore - Blob store metrics file /nexus-data/blobs/default/CD0C6975-54BDBBFF-BB094F1D-DE3BAA93-E9D36285-metrics.properties {} not found - initializing at zero.
2020-06-24 14:58:38,394+0000 INFO  [FelixStartLevel]  *SYSTEM org.sonatype.nexus.elasticsearch.internal.NodeProvider - Creating node with config: /opt/sonatype/nexus/etc/fabric/elasticsearch.yml
2020-06-24 14:58:38,590+0000 INFO  [FelixStartLevel]  *SYSTEM org.elasticsearch.node - [CD0C6975-54BDBBFF-BB094F1D-DE3BAA93-E9D36285] version[2.4.3], pid[1], build[d38a34e/2016-12-07T16:28:56Z]
2020-06-24 14:58:38,591+0000 INFO  [FelixStartLevel]  *SYSTEM org.elasticsearch.node - [CD0C6975-54BDBBFF-BB094F1D-DE3BAA93-E9D36285] initializing ...
2020-06-24 14:58:38,602+0000 INFO  [FelixStartLevel]  *SYSTEM org.elasticsearch.plugins - [CD0C6975-54BDBBFF-BB094F1D-DE3BAA93-E9D36285] modules [], plugins [content-auth-plugin], sites []
2020-06-24 14:58:38,644+0000 INFO  [FelixStartLevel]  *SYSTEM org.elasticsearch.env - [CD0C6975-54BDBBFF-BB094F1D-DE3BAA93-E9D36285] using [1] data paths, mounts [[/nexus-data (osxfs)]], net usable_space [115.1gb], net total_space [233.4gb], spins? [possibly], types [fuse.osxfs]
2020-06-24 14:58:38,645+0000 INFO  [FelixStartLevel]  *SYSTEM org.elasticsearch.env - [CD0C6975-54BDBBFF-BB094F1D-DE3BAA93-E9D36285] heap size [1.1gb], compressed ordinary object pointers [true]
2020-06-24 14:58:39,923+0000 INFO  [FelixStartLevel]  *SYSTEM org.elasticsearch.node - [CD0C6975-54BDBBFF-BB094F1D-DE3BAA93-E9D36285] initialized
2020-06-24 14:58:39,924+0000 INFO  [FelixStartLevel]  *SYSTEM org.elasticsearch.node - [CD0C6975-54BDBBFF-BB094F1D-DE3BAA93-E9D36285] starting ...
2020-06-24 14:58:39,928+0000 INFO  [FelixStartLevel]  *SYSTEM org.elasticsearch.transport - [CD0C6975-54BDBBFF-BB094F1D-DE3BAA93-E9D36285] publish_address {local[1]}, bound_addresses {local[1]}
2020-06-24 14:58:39,932+0000 INFO  [FelixStartLevel]  *SYSTEM org.elasticsearch.discovery - [CD0C6975-54BDBBFF-BB094F1D-DE3BAA93-E9D36285] nexus/_GO7fxYATTuH_wzT3wNHUA
2020-06-24 14:58:39,939+0000 INFO  [elasticsearch[CD0C6975-54BDBBFF-BB094F1D-DE3BAA93-E9D36285][clusterService#updateTask][T#1]]  *SYSTEM org.elasticsearch.cluster.service - [CD0C6975-54BDBBFF-BB094F1D-DE3BAA93-E9D36285] new_master {CD0C6975-54BDBBFF-BB094F1D-DE3BAA93-E9D36285}{_GO7fxYATTuH_wzT3wNHUA}{local}{local[1]}{local=true, master=true}, reason: local-disco-initial_connect(master)
2020-06-24 14:58:39,945+0000 INFO  [FelixStartLevel]  *SYSTEM org.elasticsearch.node - [CD0C6975-54BDBBFF-BB094F1D-DE3BAA93-E9D36285] started
2020-06-24 14:58:39,993+0000 INFO  [elasticsearch[CD0C6975-54BDBBFF-BB094F1D-DE3BAA93-E9D36285][clusterService#updateTask][T#1]]  *SYSTEM org.elasticsearch.gateway - [CD0C6975-54BDBBFF-BB094F1D-DE3BAA93-E9D36285] recovered [0] indices into cluster_state
2020-06-24 14:58:40,209+0000 INFO  [FelixStartLevel]  *SYSTEM org.sonatype.nexus.internal.orient.DatabaseManagerImpl - Configuring OrientDB pool component with per-core limit of 16
2020-06-24 14:58:40,277+0000 INFO  [FelixStartLevel]  *SYSTEM org.ehcache.jsr107.ConfigurationMerger - Configuration of cache nugetV3ServiceIndexCache will be supplemented by template nexus-default
2020-06-24 14:58:40,284+0000 INFO  [FelixStartLevel]  *SYSTEM org.ehcache.core.EhcacheManager - Cache 'nugetV3ServiceIndexCache' created in EhcacheManager.
2020-06-24 14:58:40,285+0000 INFO  [FelixStartLevel]  *SYSTEM org.ehcache.jsr107.Eh107CacheManager - Registering Ehcache MBean javax.cache:type=CacheConfiguration,CacheManager=file./opt/sonatype/nexus/etc/fabric/ehcache.xml,Cache=nugetV3ServiceIndexCache
2020-06-24 14:58:40,286+0000 INFO  [FelixStartLevel]  *SYSTEM org.ehcache.jsr107.Eh107CacheManager - Registering Ehcache MBean javax.cache:type=CacheStatistics,CacheManager=file./opt/sonatype/nexus/etc/fabric/ehcache.xml,Cache=nugetV3ServiceIndexCache
2020-06-24 14:58:40,357+0000 INFO  [FelixStartLevel]  *SYSTEM org.sonatype.nexus.internal.httpclient.HttpClientManagerImpl - Using default configuration: OrientHttpClientConfiguration{connection=null, proxy=null, authentication=null}
2020-06-24 14:58:40,381+0000 INFO  [FelixStartLevel]  *SYSTEM org.sonatype.nexus.repository.httpclient.internal.HttpClientFacetImpl - Remote connection status of repository nuget.org-proxy set to Ready to Connect.
2020-06-24 14:58:40,386+0000 INFO  [FelixStartLevel]  *SYSTEM org.ehcache.jsr107.ConfigurationMerger - Configuration of cache nuget.org-proxy#negative-cache will be supplemented by template nexus-default
2020-06-24 14:58:40,391+0000 INFO  [FelixStartLevel]  *SYSTEM org.ehcache.core.EhcacheManager - Cache 'nuget.org-proxy#negative-cache' created in EhcacheManager.
2020-06-24 14:58:40,392+0000 INFO  [FelixStartLevel]  *SYSTEM org.ehcache.jsr107.Eh107CacheManager - Registering Ehcache MBean javax.cache:type=CacheConfiguration,CacheManager=file./opt/sonatype/nexus/etc/fabric/ehcache.xml,Cache=nuget.org-proxy#negative-cache
2020-06-24 14:58:40,394+0000 INFO  [FelixStartLevel]  *SYSTEM org.ehcache.jsr107.Eh107CacheManager - Registering Ehcache MBean javax.cache:type=CacheStatistics,CacheManager=file./opt/sonatype/nexus/etc/fabric/ehcache.xml,Cache=nuget.org-proxy#negative-cache
2020-06-24 14:58:40,397+0000 INFO  [FelixStartLevel]  *SYSTEM org.ehcache.jsr107.ConfigurationMerger - Configuration of cache nuget.org-proxy#odata-query-cache will be supplemented by template nexus-default
2020-06-24 14:58:40,399+0000 INFO  [FelixStartLevel]  *SYSTEM org.ehcache.core.EhcacheManager - Cache 'nuget.org-proxy#odata-query-cache' created in EhcacheManager.
2020-06-24 14:58:40,400+0000 INFO  [FelixStartLevel]  *SYSTEM org.ehcache.jsr107.Eh107CacheManager - Registering Ehcache MBean javax.cache:type=CacheConfiguration,CacheManager=file./opt/sonatype/nexus/etc/fabric/ehcache.xml,Cache=nuget.org-proxy#odata-query-cache
2020-06-24 14:58:40,401+0000 INFO  [FelixStartLevel]  *SYSTEM org.ehcache.jsr107.Eh107CacheManager - Registering Ehcache MBean javax.cache:type=CacheStatistics,CacheManager=file./opt/sonatype/nexus/etc/fabric/ehcache.xml,Cache=nuget.org-proxy#odata-query-cache
2020-06-24 14:58:40,418+0000 INFO  [FelixStartLevel]  *SYSTEM org.sonatype.nexus.repository.httpclient.internal.HttpClientFacetImpl - Remote connection status of repository maven-central set to Ready to Connect.
2020-06-24 14:58:40,419+0000 INFO  [FelixStartLevel]  *SYSTEM org.ehcache.jsr107.ConfigurationMerger - Configuration of cache maven-central#negative-cache will be supplemented by template nexus-default
2020-06-24 14:58:40,422+0000 INFO  [FelixStartLevel]  *SYSTEM org.ehcache.core.EhcacheManager - Cache 'maven-central#negative-cache' created in EhcacheManager.
2020-06-24 14:58:40,424+0000 INFO  [FelixStartLevel]  *SYSTEM org.ehcache.jsr107.Eh107CacheManager - Registering Ehcache MBean javax.cache:type=CacheConfiguration,CacheManager=file./opt/sonatype/nexus/etc/fabric/ehcache.xml,Cache=maven-central#negative-cache
2020-06-24 14:58:40,426+0000 INFO  [FelixStartLevel]  *SYSTEM org.ehcache.jsr107.Eh107CacheManager - Registering Ehcache MBean javax.cache:type=CacheStatistics,CacheManager=file./opt/sonatype/nexus/etc/fabric/ehcache.xml,Cache=maven-central#negative-cache
2020-06-24 14:58:40,443+0000 INFO  [FelixStartLevel]  *SYSTEM org.sonatype.nexus.repository.httpclient.internal.HttpClientFacetImpl - Remote connection status of repository nuget-group set to Ready to Connect.
2020-06-24 14:58:40,445+0000 INFO  [FelixStartLevel]  *SYSTEM org.ehcache.jsr107.ConfigurationMerger - Configuration of cache nuget-group#odata-query-cache will be supplemented by template nexus-default
2020-06-24 14:58:40,447+0000 INFO  [FelixStartLevel]  *SYSTEM org.ehcache.core.EhcacheManager - Cache 'nuget-group#odata-query-cache' created in EhcacheManager.
2020-06-24 14:58:40,449+0000 INFO  [FelixStartLevel]  *SYSTEM org.ehcache.jsr107.Eh107CacheManager - Registering Ehcache MBean javax.cache:type=CacheConfiguration,CacheManager=file./opt/sonatype/nexus/etc/fabric/ehcache.xml,Cache=nuget-group#odata-query-cache
2020-06-24 14:58:40,449+0000 INFO  [FelixStartLevel]  *SYSTEM org.ehcache.jsr107.Eh107CacheManager - Registering Ehcache MBean javax.cache:type=CacheStatistics,CacheManager=file./opt/sonatype/nexus/etc/fabric/ehcache.xml,Cache=nuget-group#odata-query-cache
2020-06-24 14:58:40,685+0000 INFO  [elasticsearch[CD0C6975-54BDBBFF-BB094F1D-DE3BAA93-E9D36285][clusterService#updateTask][T#1]]  *SYSTEM org.elasticsearch.cluster.metadata - [CD0C6975-54BDBBFF-BB094F1D-DE3BAA93-E9D36285] [2e9a1e67e8a325bcd6ee9f6790ff6c769e791d56] creating index, cause [api], templates [], shards [1]/[0], mappings [component]
2020-06-24 14:58:40,849+0000 INFO  [elasticsearch[CD0C6975-54BDBBFF-BB094F1D-DE3BAA93-E9D36285][clusterService#updateTask][T#1]]  *SYSTEM org.elasticsearch.cluster.metadata - [CD0C6975-54BDBBFF-BB094F1D-DE3BAA93-E9D36285] [73ae44bc066b6a7a33b4435641d8229b9b66495a] creating index, cause [api], templates [], shards [1]/[0], mappings [component]
2020-06-24 14:58:40,930+0000 INFO  [elasticsearch[CD0C6975-54BDBBFF-BB094F1D-DE3BAA93-E9D36285][clusterService#updateTask][T#1]]  *SYSTEM org.elasticsearch.cluster.metadata - [CD0C6975-54BDBBFF-BB094F1D-DE3BAA93-E9D36285] [51196dce51055df9247e1973e443b68c84549dd9] creating index, cause [api], templates [], shards [1]/[0], mappings [component]
2020-06-24 14:58:41,072+0000 INFO  [elasticsearch[CD0C6975-54BDBBFF-BB094F1D-DE3BAA93-E9D36285][clusterService#updateTask][T#1]]  *SYSTEM org.elasticsearch.cluster.metadata - [CD0C6975-54BDBBFF-BB094F1D-DE3BAA93-E9D36285] [3d781e8165513bfe7db3d7eaab3991b9ebec763b] creating index, cause [api], templates [], shards [1]/[0], mappings [component]
2020-06-24 14:58:41,160+0000 INFO  [elasticsearch[CD0C6975-54BDBBFF-BB094F1D-DE3BAA93-E9D36285][clusterService#updateTask][T#1]]  *SYSTEM org.elasticsearch.cluster.metadata - [CD0C6975-54BDBBFF-BB094F1D-DE3BAA93-E9D36285] [b2b9b8f06274052a44b61ef3c7e887f0961d99c6] creating index, cause [api], templates [], shards [1]/[0], mappings [component]
2020-06-24 14:58:41,258+0000 INFO  [FelixStartLevel]  *SYSTEM org.sonatype.nexus.quartz.internal.QuartzSchedulerProvider - Thread-pool size: 20
2020-06-24 14:58:41,269+0000 INFO  [elasticsearch[CD0C6975-54BDBBFF-BB094F1D-DE3BAA93-E9D36285][clusterService#updateTask][T#1]]  *SYSTEM org.elasticsearch.cluster.routing.allocation - [CD0C6975-54BDBBFF-BB094F1D-DE3BAA93-E9D36285] Cluster health status changed from [RED] to [GREEN] (reason: [shards started [[b2b9b8f06274052a44b61ef3c7e887f0961d99c6][0]] ...]).
2020-06-24 14:58:41,292+0000 INFO  [FelixStartLevel]  *SYSTEM org.sonatype.nexus.quartz.internal.orient.JobStoreImpl - Instance name: nexus; ID: CD0C6975-54BDBBFF-BB094F1D-DE3BAA93-E9D36285
2020-06-24 14:58:41,292+0000 INFO  [FelixStartLevel]  *SYSTEM org.sonatype.nexus.quartz.internal.orient.JobStoreImpl - Initialized
2020-06-24 14:58:41,305+0000 INFO  [FelixStartLevel]  *SYSTEM org.sonatype.nexus.quartz.internal.QuartzSchedulerProvider - Quartz Scheduler v2.3.0
2020-06-24 14:58:41,368+0000 INFO  [FelixStartLevel]  *SYSTEM org.sonatype.nexus.extender.NexusLifecycleManager - Start CAPABILITIES
2020-06-24 14:58:41,606+0000 INFO  [jetty-main-1]  *SYSTEM org.sonatype.nexus.bootstrap.osgi.BootstrapListener - Initialized
2020-06-24 14:58:41,607+0000 INFO  [FelixStartLevel]  *SYSTEM org.sonatype.nexus.extender.NexusLifecycleManager - Start TASKS
2020-06-24 14:58:41,707+0000 INFO  [FelixStartLevel]  *SYSTEM org.sonatype.nexus.quartz.internal.task.QuartzTaskInfo - Task 'Task log cleanup' [tasklog.cleanup] : state=WAITING
2020-06-24 14:58:41,764+0000 INFO  [FelixStartLevel]  *SYSTEM org.sonatype.nexus.scheduling.TaskSchedulerImpl - Task 'Task log cleanup' [tasklog.cleanup] scheduled: cron
2020-06-24 14:58:41,778+0000 INFO  [FelixStartLevel]  *SYSTEM org.sonatype.nexus.quartz.internal.task.QuartzTaskInfo - Task 'Cleanup service' [repository.cleanup] : state=WAITING
2020-06-24 14:58:41,791+0000 INFO  [FelixStartLevel]  *SYSTEM org.sonatype.nexus.scheduling.TaskSchedulerImpl - Task 'Cleanup service' [repository.cleanup] scheduled: cron
2020-06-24 14:58:41,819+0000 INFO  [FelixStartLevel]  *SYSTEM org.sonatype.nexus.quartz.internal.task.QuartzTaskInfo - Task 'Storage facet cleanup' [repository.storage-facet-cleanup] : state=WAITING
2020-06-24 14:58:41,830+0000 INFO  [FelixStartLevel]  *SYSTEM org.sonatype.nexus.scheduling.TaskSchedulerImpl - Task 'Storage facet cleanup' [repository.storage-facet-cleanup] scheduled: cron
2020-06-24 14:58:41,855+0000 INFO  [FelixStartLevel]  *SYSTEM org.sonatype.nexus.quartz.internal.QuartzSchedulerSPI - Scheduler put into ready mode
2020-06-24 14:58:41,906+0000 INFO  [jetty-main-1]  *SYSTEM org.sonatype.nexus.rapture.internal.RaptureWebResourceBundle - UI plugin descriptors:
2020-06-24 14:58:41,911+0000 INFO  [jetty-main-1]  *SYSTEM org.sonatype.nexus.rapture.internal.RaptureWebResourceBundle -   nexus-security-plugin
2020-06-24 14:58:41,913+0000 INFO  [jetty-main-1]  *SYSTEM org.sonatype.nexus.rapture.internal.RaptureWebResourceBundle - ExtJS UI plugin descriptors:
2020-06-24 14:58:41,914+0000 INFO  [jetty-main-1]  *SYSTEM org.sonatype.nexus.rapture.internal.RaptureWebResourceBundle -   nexus-rapture
2020-06-24 14:58:41,915+0000 INFO  [jetty-main-1]  *SYSTEM org.sonatype.nexus.rapture.internal.RaptureWebResourceBundle -   nexus-blobstore-s3
2020-06-24 14:58:41,916+0000 INFO  [jetty-main-1]  *SYSTEM org.sonatype.nexus.rapture.internal.RaptureWebResourceBundle -   nexus-proximanova-plugin
2020-06-24 14:58:41,917+0000 INFO  [jetty-main-1]  *SYSTEM org.sonatype.nexus.rapture.internal.RaptureWebResourceBundle -   nexus-rutauth-plugin
2020-06-24 14:58:41,918+0000 INFO  [jetty-main-1]  *SYSTEM org.sonatype.nexus.rapture.internal.RaptureWebResourceBundle -   nexus-coreui-plugin
2020-06-24 14:58:41,919+0000 INFO  [jetty-main-1]  *SYSTEM org.sonatype.nexus.rapture.internal.RaptureWebResourceBundle -   nexus-proui-plugin
2020-06-24 14:58:41,920+0000 INFO  [jetty-main-1]  *SYSTEM org.sonatype.nexus.rapture.internal.RaptureWebResourceBundle -   nexus-repository-helm
2020-06-24 14:58:41,920+0000 INFO  [jetty-main-1]  *SYSTEM org.sonatype.nexus.rapture.internal.RaptureWebResourceBundle -   nexus-repository-p2
2020-06-24 14:58:41,921+0000 INFO  [jetty-main-1]  *SYSTEM org.sonatype.nexus.rapture.internal.RaptureWebResourceBundle -   nexus-repository-r
2020-06-24 14:58:41,922+0000 INFO  [jetty-main-1]  *SYSTEM org.sonatype.nexus.rapture.internal.RaptureWebResourceBundle -   nexus-repository-maven
2020-06-24 14:58:41,923+0000 INFO  [jetty-main-1]  *SYSTEM org.sonatype.nexus.rapture.internal.RaptureWebResourceBundle -   nexus-onboarding-plugin
2020-06-24 14:58:41,923+0000 INFO  [jetty-main-1]  *SYSTEM org.sonatype.nexus.rapture.internal.RaptureWebResourceBundle -   nexus-repository-nuget
2020-06-24 14:58:41,924+0000 INFO  [jetty-main-1]  *SYSTEM org.sonatype.nexus.rapture.internal.RaptureWebResourceBundle -   nexus-repository-npm
2020-06-24 14:58:41,925+0000 INFO  [jetty-main-1]  *SYSTEM org.sonatype.nexus.rapture.internal.RaptureWebResourceBundle -   nexus-repository-rubygems
2020-06-24 14:58:41,926+0000 INFO  [jetty-main-1]  *SYSTEM org.sonatype.nexus.rapture.internal.RaptureWebResourceBundle -   nexus-repository-pypi
2020-06-24 14:58:41,927+0000 INFO  [jetty-main-1]  *SYSTEM org.sonatype.nexus.rapture.internal.RaptureWebResourceBundle -   nexus-repository-docker
2020-06-24 14:58:41,927+0000 INFO  [jetty-main-1]  *SYSTEM org.sonatype.nexus.rapture.internal.RaptureWebResourceBundle -   nexus-analytics-plugin
2020-06-24 14:58:41,936+0000 INFO  [jetty-main-1]  *SYSTEM org.sonatype.nexus.internal.webresources.WebResourceServlet - Max-age: 30 days (2592000 seconds)
2020-06-24 14:58:41,949+0000 INFO  [jetty-main-1]  *SYSTEM com.softwarementors.extjs.djn.servlet.DirectJNgineServlet - Servlet GLOBAL configuration: debug=false, providersUrl=service/extdirect, minify=false, batchRequestsMultithreadingEnabled=true, batchRequestsMinThreadsPoolSize=16, batchRequestsMaxThreadsPoolSize=80, batchRequestsMaxThreadsPerRequest=8, batchRequestsMaxThreadKeepAliveSeconds=60, gsonBuilderConfiguratorClass=org.sonatype.nexus.extdirect.internal.ExtDirectGsonBuilderConfigurator, dispatcherClass=com.softwarementors.extjs.djn.servlet.ssm.SsmDispatcher, jsonRequestProcessorThreadClass=org.sonatype.nexus.extdirect.internal.ExtDirectJsonRequestProcessorThread, contextPath=--not specified: calculated via Javascript--, createSourceFiles=true
2020-06-24 14:58:41,950+0000 INFO  [jetty-main-1]  *SYSTEM com.softwarementors.extjs.djn.servlet.DirectJNgineServlet - Servlet GLOBAL configuration: registryConfiguratorClass=
2020-06-24 14:58:41,968+0000 INFO  [jetty-main-1]  *SYSTEM com.softwarementors.extjs.djn.jscodegen.CodeFileGenerator - Creating source files for APIs...
2020-06-24 14:58:42,145+0000 INFO  [jetty-main-1]  *SYSTEM org.sonatype.nexus.siesta.SiestaServlet - JAX-RS RuntimeDelegate: org.sonatype.nexus.siesta.internal.resteasy.SisuResteasyProviderFactory@518312db
2020-06-24 14:58:42,184+0000 INFO  [jetty-main-1]  *SYSTEM org.jboss.resteasy.plugins.validation.i18n - RESTEASY008550: Unable to find CDI supporting ValidatorFactory. Using default ValidatorFactory
2020-06-24 14:58:42,782+0000 INFO  [jetty-main-1]  *SYSTEM org.sonatype.nexus.siesta.SiestaServlet - Initialized
2020-06-24 14:58:42,790+0000 INFO  [jetty-main-1]  *SYSTEM org.sonatype.nexus.repository.httpbridge.internal.ViewServlet - Initialized
2020-06-24 14:58:42,840+0000 INFO  [jetty-main-1]  *SYSTEM org.eclipse.jetty.server.handler.ContextHandler - Started o.e.j.w.WebAppContext@616607c{Sonatype Nexus,/,file:///opt/sonatype/nexus/public/,AVAILABLE}
2020-06-24 14:58:42,895+0000 INFO  [jetty-main-1]  *SYSTEM org.eclipse.jetty.server.AbstractConnector - Started ServerConnector@1654397e{HTTP/1.1,[http/1.1]}{0.0.0.0:8081}
2020-06-24 14:58:42,896+0000 INFO  [jetty-main-1]  *SYSTEM org.eclipse.jetty.server.Server - Started @55584ms
2020-06-24 14:58:42,897+0000 INFO  [jetty-main-1]  *SYSTEM org.sonatype.nexus.bootstrap.jetty.JettyServer - 
-------------------------------------------------

Started Sonatype Nexus OSS 3.21.1-01

-------------------------------------------------
2020-06-24 15:00:00,025+0000 INFO  [quartz-3-thread-1]  *SYSTEM org.sonatype.nexus.quartz.internal.task.QuartzTaskInfo - Task 'Storage facet cleanup' [repository.storage-facet-cleanup] state change WAITING -> RUNNING
2020-06-24 15:00:00,065+0000 INFO  [quartz-3-thread-1]  *SYSTEM org.sonatype.nexus.quartz.internal.task.QuartzTaskInfo - Task 'Storage facet cleanup' [repository.storage-facet-cleanup] state change RUNNING -> WAITING (OK)
2020-06-24 15:10:00,027+0000 INFO  [quartz-3-thread-2]  *SYSTEM org.sonatype.nexus.quartz.internal.task.QuartzTaskInfo - Task 'Storage facet cleanup' [repository.storage-facet-cleanup] state change WAITING -> RUNNING
2020-06-24 15:10:00,045+0000 INFO  [quartz-3-thread-2]  *SYSTEM org.sonatype.nexus.quartz.internal.task.QuartzTaskInfo - Task 'Storage facet cleanup' [repository.storage-facet-cleanup] state change RUNNING -> WAITING (OK)
2020-06-24 15:20:00,020+0000 INFO  [quartz-3-thread-3]  *SYSTEM org.sonatype.nexus.quartz.internal.task.QuartzTaskInfo - Task 'Storage facet cleanup' [repository.storage-facet-cleanup] state change WAITING -> RUNNING
2020-06-24 15:20:00,032+0000 INFO  [quartz-3-thread-3]  *SYSTEM org.sonatype.nexus.quartz.internal.task.QuartzTaskInfo - Task 'Storage facet cleanup' [repository.storage-facet-cleanup] state change RUNNING -> WAITING (OK)
2020-06-24 15:30:00,021+0000 INFO  [quartz-3-thread-4]  *SYSTEM org.sonatype.nexus.quartz.internal.task.QuartzTaskInfo - Task 'Storage facet cleanup' [repository.storage-facet-cleanup] state change WAITING -> RUNNING
2020-06-24 15:30:00,032+0000 INFO  [quartz-3-thread-4]  *SYSTEM org.sonatype.nexus.quartz.internal.task.QuartzTaskInfo - Task 'Storage facet cleanup' [repository.storage-facet-cleanup] state change RUNNING -> WAITING (OK)
2020-06-24 15:40:00,018+0000 INFO  [quartz-3-thread-5]  *SYSTEM org.sonatype.nexus.quartz.internal.task.QuartzTaskInfo - Task 'Storage facet cleanup' [repository.storage-facet-cleanup] state change WAITING -> RUNNING
2020-06-24 15:40:00,028+0000 INFO  [quartz-3-thread-5]  *SYSTEM org.sonatype.nexus.quartz.internal.task.QuartzTaskInfo - Task 'Storage facet cleanup' [repository.storage-facet-cleanup] state change RUNNING -> WAITING (OK)
2020-06-24 15:50:00,013+0000 INFO  [quartz-3-thread-6]  *SYSTEM org.sonatype.nexus.quartz.internal.task.QuartzTaskInfo - Task 'Storage facet cleanup' [repository.storage-facet-cleanup] state change WAITING -> RUNNING
2020-06-24 15:50:00,024+0000 INFO  [quartz-3-thread-6]  *SYSTEM org.sonatype.nexus.quartz.internal.task.QuartzTaskInfo - Task 'Storage facet cleanup' [repository.storage-facet-cleanup] state change RUNNING -> WAITING (OK)
2020-06-24 16:00:00,016+0000 INFO  [quartz-3-thread-7]  *SYSTEM org.sonatype.nexus.quartz.internal.task.QuartzTaskInfo - Task 'Storage facet cleanup' [repository.storage-facet-cleanup] state change WAITING -> RUNNING
2020-06-24 16:00:00,032+0000 INFO  [quartz-3-thread-7]  *SYSTEM org.sonatype.nexus.quartz.internal.task.QuartzTaskInfo - Task 'Storage facet cleanup' [repository.storage-facet-cleanup] state change RUNNING -> WAITING (OK)
2020-06-24 16:10:00,015+0000 INFO  [quartz-3-thread-8]  *SYSTEM org.sonatype.nexus.quartz.internal.task.QuartzTaskInfo - Task 'Storage facet cleanup' [repository.storage-facet-cleanup] state change WAITING -> RUNNING
2020-06-24 16:10:00,028+0000 INFO  [quartz-3-thread-8]  *SYSTEM org.sonatype.nexus.quartz.internal.task.QuartzTaskInfo - Task 'Storage facet cleanup' [repository.storage-facet-cleanup] state change RUNNING -> WAITING (OK)
